<?xml version="1.0" encoding="UTF-8"?>
<testsuite xmlns:xsi="http://www.w3.org/2001/XMLSchema-instance" xsi:noNamespaceSchemaLocation="https://maven.apache.org/surefire/maven-surefire-plugin/xsd/surefire-test-report-3.0.xsd" version="3.0" name="io.orqueio.example.carrental.kafka.CarRentalConsumerTest" time="0.678" tests="3" errors="0" skipped="0" failures="0">
  <properties>
[...]
</properties>
  <testcase name="shouldRejectCar_whenNoneAvailable" classname="io.orqueio.example.carrental.kafka.CarRentalConsumerTest" time="0.647">
    <system-out><![CDATA[09:40:31.942 [main] INFO io.orqueio.example.carrental.kafka.CarRentalConsumer -- [CAR-RENTAL] Renting car in Mars for 'Diana' (2026-10-01 to 2026-10-07), booking TRV-002
09:40:31.944 [main] WARN io.orqueio.example.carrental.kafka.CarRentalConsumer -- [CAR-RENTAL] TRV-002 - No cars available in Mars
]]></system-out>
    <system-err><![CDATA[Mockito is currently self-attaching to enable the inline-mock-maker. This will no longer work in future releases of the JDK. Please add Mockito as an agent to your build as described in Mockito's documentation: https://javadoc.io/doc/org.mockito/mockito-core/latest/org.mockito/org/mockito/Mockito.html#0.3
WARNING: A Java agent has been loaded dynamically (C:\Users\shaym\.m2\repository\net\bytebuddy\byte-buddy-agent\1.17.8\byte-buddy-agent-1.17.8.jar)
WARNING: If a serviceability tool is in use, please run with -XX:+EnableDynamicAgentLoading to hide this warning
WARNING: If a serviceability tool is not in use, please run with -Djdk.instrument.traceUsage for more information
WARNING: Dynamic loading of agents will be disallowed by default in a future release
]]></system-err>
  </testcase>
  <testcase name="shouldRentCar_whenAvailable" classname="io.orqueio.example.carrental.kafka.CarRentalConsumerTest" time="0.006">
    <system-out><![CDATA[09:40:31.993 [main] INFO io.orqueio.example.carrental.kafka.CarRentalConsumer -- [CAR-RENTAL] Renting car in Paris for 'Alice' (2026-07-15 to 2026-07-22), booking TRV-001
09:40:31.995 [main] INFO io.orqueio.example.carrental.kafka.CarRentalConsumer -- [CAR-RENTAL] TRV-001 - Car rented in Paris. Confirmation: CAR-AB4437. Pickup: 2026-07-15, Return: 2026-07-22
]]></system-out>
  </testcase>
  <testcase name="shouldCancelRental_andRestoreCar" classname="io.orqueio.example.carrental.kafka.CarRentalConsumerTest" time="0.005">
    <system-out><![CDATA[09:40:32.001 [main] INFO io.orqueio.example.carrental.kafka.CarRentalConsumer -- [CAR-RENTAL] Renting car in Tokyo for 'Bob' (2026-08-01 to 2026-08-07), booking TRV-003
09:40:32.001 [main] INFO io.orqueio.example.carrental.kafka.CarRentalConsumer -- [CAR-RENTAL] TRV-003 - Car rented in Tokyo. Confirmation: CAR-C8128E. Pickup: 2026-08-01, Return: 2026-08-07
09:40:32.002 [main] INFO io.orqueio.example.carrental.kafka.CarRentalConsumer -- [CAR-RENTAL-COMPENSATE] Cancelling car rental for booking TRV-003
09:40:32.002 [main] INFO io.orqueio.example.carrental.kafka.CarRentalConsumer -- [CAR-RENTAL-COMPENSATE] Restored 1 car in Tokyo
]]></system-out>
  </testcase>
</testsuite>