<?xml version="1.0" encoding="UTF-8"?>
<testsuite xmlns:xsi="http://www.w3.org/2001/XMLSchema-instance" xsi:noNamespaceSchemaLocation="https://maven.apache.org/surefire/maven-surefire-plugin/xsd/surefire-test-report-3.0.xsd" version="3.0" name="io.orqueio.example.flight.kafka.FlightConsumerTest" time="0.749" tests="5" errors="0" skipped="0" failures="0">
  <properties>
[...]
</properties>
  <testcase name="shouldBookFlight_whenSeatsAvailable" classname="io.orqueio.example.flight.kafka.FlightConsumerTest" time="0.691">
    <system-out><![CDATA[09:40:28.833 [main] INFO io.orqueio.example.flight.kafka.FlightConsumer -- [FLIGHT] Booking 2 seat(s) to Paris for 'Alice', booking TRV-001
09:40:28.836 [main] INFO io.orqueio.example.flight.kafka.FlightConsumer -- [FLIGHT] TRV-001 - Flight FL-B5C8 booked: 2 seat(s) to Paris. Remaining: 118
]]></system-out>
    <system-err><![CDATA[Mockito is currently self-attaching to enable the inline-mock-maker. This will no longer work in future releases of the JDK. Please add Mockito as an agent to your build as described in Mockito's documentation: https://javadoc.io/doc/org.mockito/mockito-core/latest/org.mockito/org/mockito/Mockito.html#0.3
WARNING: A Java agent has been loaded dynamically (C:\Users\shaym\.m2\repository\net\bytebuddy\byte-buddy-agent\1.17.8\byte-buddy-agent-1.17.8.jar)
WARNING: If a serviceability tool is in use, please run with -XX:+EnableDynamicAgentLoading to hide this warning
WARNING: If a serviceability tool is not in use, please run with -Djdk.instrument.traceUsage for more information
WARNING: Dynamic loading of agents will be disallowed by default in a future release
]]></system-err>
  </testcase>
  <testcase name="shouldCancelFlight_andRestoreSeats" classname="io.orqueio.example.flight.kafka.FlightConsumerTest" time="0.004">
    <system-out><![CDATA[09:40:28.885 [main] INFO io.orqueio.example.flight.kafka.FlightConsumer -- [FLIGHT] Booking 5 seat(s) to Tokyo for 'Charlie', booking TRV-004
09:40:28.885 [main] INFO io.orqueio.example.flight.kafka.FlightConsumer -- [FLIGHT] TRV-004 - Flight FL-9CFA booked: 5 seat(s) to Tokyo. Remaining: 75
09:40:28.886 [main] INFO io.orqueio.example.flight.kafka.FlightConsumer -- [FLIGHT-COMPENSATE] Cancelling flight for booking TRV-004
09:40:28.886 [main] INFO io.orqueio.example.flight.kafka.FlightConsumer -- [FLIGHT-COMPENSATE] Restored 5 seat(s) to Tokyo
]]></system-out>
  </testcase>
  <testcase name="shouldRejectFlight_whenNotEnoughSeats" classname="io.orqueio.example.flight.kafka.FlightConsumerTest" time="0.004">
    <system-out><![CDATA[09:40:28.890 [main] INFO io.orqueio.example.flight.kafka.FlightConsumer -- [FLIGHT] Booking 50 seat(s) to Sydney for 'Group', booking TRV-003
09:40:28.890 [main] WARN io.orqueio.example.flight.kafka.FlightConsumer -- [FLIGHT] TRV-003 - No flights available to Sydney. Requested: 50, Available: 40
]]></system-out>
  </testcase>
  <testcase name="shouldRejectFlight_whenDestinationUnknown" classname="io.orqueio.example.flight.kafka.FlightConsumerTest" time="0.002">
    <system-out><![CDATA[09:40:28.895 [main] INFO io.orqueio.example.flight.kafka.FlightConsumer -- [FLIGHT] Booking 1 seat(s) to Mars for 'Diana', booking TRV-002
09:40:28.895 [main] WARN io.orqueio.example.flight.kafka.FlightConsumer -- [FLIGHT] TRV-002 - No flights available to Mars. Requested: 1, Available: 0
]]></system-out>
  </testcase>
  <testcase name="seatsShouldDecrement_afterBooking" classname="io.orqueio.example.flight.kafka.FlightConsumerTest" time="0.027">
    <system-out><![CDATA[09:40:28.899 [main] INFO io.orqueio.example.flight.kafka.FlightConsumer -- [FLIGHT] Booking 1 seat(s) to Tokyo for 'Bulk', booking TRV-BULK-0
09:40:28.899 [main] INFO io.orqueio.example.flight.kafka.FlightConsumer -- [FLIGHT] TRV-BULK-0 - Flight FL-84A2 booked: 1 seat(s) to Tokyo. Remaining: 79
09:40:28.900 [main] INFO io.orqueio.example.flight.kafka.FlightConsumer -- [FLIGHT] Booking 1 seat(s) to Tokyo for 'Bulk', booking TRV-BULK-1
09:40:28.900 [main] INFO io.orqueio.example.flight.kafka.FlightConsumer -- [FLIGHT] TRV-BULK-1 - Flight FL-D78C booked: 1 seat(s) to Tokyo. Remaining: 78
09:40:28.900 [main] INFO io.orqueio.example.flight.kafka.FlightConsumer -- [FLIGHT] Booking 1 seat(s) to Tokyo for 'Bulk', booking TRV-BULK-2
09:40:28.900 [main] INFO io.orqueio.example.flight.kafka.FlightConsumer -- [FLIGHT] TRV-BULK-2 - Flight FL-E6EC booked: 1 seat(s) to Tokyo. Remaining: 77
09:40:28.901 [main] INFO io.orqueio.example.flight.kafka.FlightConsumer -- [FLIGHT] Booking 1 seat(s) to Tokyo for 'Bulk', booking TRV-BULK-3
09:40:28.901 [main] INFO io.orqueio.example.flight.kafka.FlightConsumer -- [FLIGHT] TRV-BULK-3 - Flight FL-F1AD booked: 1 seat(s) to Tokyo. Remaining: 76
09:40:28.901 [main] INFO io.orqueio.example.flight.kafka.FlightConsumer -- [FLIGHT] Booking 1 seat(s) to Tokyo for 'Bulk', booking TRV-BULK-4
09:40:28.901 [main] INFO io.orqueio.example.flight.kafka.FlightConsumer -- [FLIGHT] TRV-BULK-4 - Flight FL-A669 booked: 1 seat(s) to Tokyo. Remaining: 75
09:40:28.901 [main] INFO io.orqueio.example.flight.kafka.FlightConsumer -- [FLIGHT] Booking 1 seat(s) to Tokyo for 'Bulk', booking TRV-BULK-5
09:40:28.902 [main] INFO io.orqueio.example.flight.kafka.FlightConsumer -- [FLIGHT] TRV-BULK-5 - Flight FL-DA1D booked: 1 seat(s) to Tokyo. Remaining: 74
09:40:28.902 [main] INFO io.orqueio.example.flight.kafka.FlightConsumer -- [FLIGHT] Booking 1 seat(s) to Tokyo for 'Bulk', booking TRV-BULK-6
09:40:28.902 [main] INFO io.orqueio.example.flight.kafka.FlightConsumer -- [FLIGHT] TRV-BULK-6 - Flight FL-5920 booked: 1 seat(s) to Tokyo. Remaining: 73
09:40:28.902 [main] INFO io.orqueio.example.flight.kafka.FlightConsumer -- [FLIGHT] Booking 1 seat(s) to Tokyo for 'Bulk', booking TRV-BULK-7
09:40:28.902 [main] INFO io.orqueio.example.flight.kafka.FlightConsumer -- [FLIGHT] TRV-BULK-7 - Flight FL-C1AD booked: 1 seat(s) to Tokyo. Remaining: 72
09:40:28.902 [main] INFO io.orqueio.example.flight.kafka.FlightConsumer -- [FLIGHT] Booking 1 seat(s) to Tokyo for 'Bulk', booking TRV-BULK-8
09:40:28.903 [main] INFO io.orqueio.example.flight.kafka.FlightConsumer -- [FLIGHT] TRV-BULK-8 - Flight FL-E378 booked: 1 seat(s) to Tokyo. Remaining: 71
09:40:28.903 [main] INFO io.orqueio.example.flight.kafka.FlightConsumer -- [FLIGHT] Booking 1 seat(s) to Tokyo for 'Bulk', booking TRV-BULK-9
09:40:28.903 [main] INFO io.orqueio.example.flight.kafka.FlightConsumer -- [FLIGHT] TRV-BULK-9 - Flight FL-B306 booked: 1 seat(s) to Tokyo. Remaining: 70
09:40:28.903 [main] INFO io.orqueio.example.flight.kafka.FlightConsumer -- [FLIGHT] Booking 1 seat(s) to Tokyo for 'Bulk', booking TRV-BULK-10
09:40:28.904 [main] INFO io.orqueio.example.flight.kafka.FlightConsumer -- [FLIGHT] TRV-BULK-10 - Flight FL-911D booked: 1 seat(s) to Tokyo. Remaining: 69
09:40:28.904 [main] INFO io.orqueio.example.flight.kafka.FlightConsumer -- [FLIGHT] Booking 1 seat(s) to Tokyo for 'Bulk', booking TRV-BULK-11
09:40:28.904 [main] INFO io.orqueio.example.flight.kafka.FlightConsumer -- [FLIGHT] TRV-BULK-11 - Flight FL-6020 booked: 1 seat(s) to Tokyo. Remaining: 68
09:40:28.904 [main] INFO io.orqueio.example.flight.kafka.FlightConsumer -- [FLIGHT] Booking 1 seat(s) to Tokyo for 'Bulk', booking TRV-BULK-12
09:40:28.904 [main] INFO io.orqueio.example.flight.kafka.FlightConsumer -- [FLIGHT] TRV-BULK-12 - Flight FL-4FB7 booked: 1 seat(s) to Tokyo. Remaining: 67
09:40:28.904 [main] INFO io.orqueio.example.flight.kafka.FlightConsumer -- [FLIGHT] Booking 1 seat(s) to Tokyo for 'Bulk', booking TRV-BULK-13
09:40:28.905 [main] INFO io.orqueio.example.flight.kafka.FlightConsumer -- [FLIGHT] TRV-BULK-13 - Flight FL-0678 booked: 1 seat(s) to Tokyo. Remaining: 66
09:40:28.905 [main] INFO io.orqueio.example.flight.kafka.FlightConsumer -- [FLIGHT] Booking 1 seat(s) to Tokyo for 'Bulk', booking TRV-BULK-14
09:40:28.905 [main] INFO io.orqueio.example.flight.kafka.FlightConsumer -- [FLIGHT] TRV-BULK-14 - Flight FL-1952 booked: 1 seat(s) to Tokyo. Remaining: 65
09:40:28.905 [main] INFO io.orqueio.example.flight.kafka.FlightConsumer -- [FLIGHT] Booking 1 seat(s) to Tokyo for 'Bulk', booking TRV-BULK-15
09:40:28.905 [main] INFO io.orqueio.example.flight.kafka.FlightConsumer -- [FLIGHT] TRV-BULK-15 - Flight FL-F1C1 booked: 1 seat(s) to Tokyo. Remaining: 64
09:40:28.905 [main] INFO io.orqueio.example.flight.kafka.FlightConsumer -- [FLIGHT] Booking 1 seat(s) to Tokyo for 'Bulk', booking TRV-BULK-16
09:40:28.905 [main] INFO io.orqueio.example.flight.kafka.FlightConsumer -- [FLIGHT] TRV-BULK-16 - Flight FL-DD60 booked: 1 seat(s) to Tokyo. Remaining: 63
09:40:28.906 [main] INFO io.orqueio.example.flight.kafka.FlightConsumer -- [FLIGHT] Booking 1 seat(s) to Tokyo for 'Bulk', booking TRV-BULK-17
09:40:28.906 [main] INFO io.orqueio.example.flight.kafka.FlightConsumer -- [FLIGHT] TRV-BULK-17 - Flight FL-952C booked: 1 seat(s) to Tokyo. Remaining: 62
09:40:28.906 [main] INFO io.orqueio.example.flight.kafka.FlightConsumer -- [FLIGHT] Booking 1 seat(s) to Tokyo for 'Bulk', booking TRV-BULK-18
09:40:28.906 [main] INFO io.orqueio.example.flight.kafka.FlightConsumer -- [FLIGHT] TRV-BULK-18 - Flight FL-FD0A booked: 1 seat(s) to Tokyo. Remaining: 61
09:40:28.906 [main] INFO io.orqueio.example.flight.kafka.FlightConsumer -- [FLIGHT] Booking 1 seat(s) to Tokyo for 'Bulk', booking TRV-BULK-19
09:40:28.906 [main] INFO io.orqueio.example.flight.kafka.FlightConsumer -- [FLIGHT] TRV-BULK-19 - Flight FL-426E booked: 1 seat(s) to Tokyo. Remaining: 60
09:40:28.906 [main] INFO io.orqueio.example.flight.kafka.FlightConsumer -- [FLIGHT] Booking 1 seat(s) to Tokyo for 'Bulk', booking TRV-BULK-20
09:40:28.906 [main] INFO io.orqueio.example.flight.kafka.FlightConsumer -- [FLIGHT] TRV-BULK-20 - Flight FL-1006 booked: 1 seat(s) to Tokyo. Remaining: 59
09:40:28.907 [main] INFO io.orqueio.example.flight.kafka.FlightConsumer -- [FLIGHT] Booking 1 seat(s) to Tokyo for 'Bulk', booking TRV-BULK-21
09:40:28.907 [main] INFO io.orqueio.example.flight.kafka.FlightConsumer -- [FLIGHT] TRV-BULK-21 - Flight FL-8671 booked: 1 seat(s) to Tokyo. Remaining: 58
09:40:28.907 [main] INFO io.orqueio.example.flight.kafka.FlightConsumer -- [FLIGHT] Booking 1 seat(s) to Tokyo for 'Bulk', booking TRV-BULK-22
09:40:28.907 [main] INFO io.orqueio.example.flight.kafka.FlightConsumer -- [FLIGHT] TRV-BULK-22 - Flight FL-9DF7 booked: 1 seat(s) to Tokyo. Remaining: 57
09:40:28.907 [main] INFO io.orqueio.example.flight.kafka.FlightConsumer -- [FLIGHT] Booking 1 seat(s) to Tokyo for 'Bulk', booking TRV-BULK-23
09:40:28.907 [main] INFO io.orqueio.example.flight.kafka.FlightConsumer -- [FLIGHT] TRV-BULK-23 - Flight FL-F3E7 booked: 1 seat(s) to Tokyo. Remaining: 56
09:40:28.907 [main] INFO io.orqueio.example.flight.kafka.FlightConsumer -- [FLIGHT] Booking 1 seat(s) to Tokyo for 'Bulk', booking TRV-BULK-24
09:40:28.907 [main] INFO io.orqueio.example.flight.kafka.FlightConsumer -- [FLIGHT] TRV-BULK-24 - Flight FL-6C3D booked: 1 seat(s) to Tokyo. Remaining: 55
09:40:28.907 [main] INFO io.orqueio.example.flight.kafka.FlightConsumer -- [FLIGHT] Booking 1 seat(s) to Tokyo for 'Bulk', booking TRV-BULK-25
09:40:28.907 [main] INFO io.orqueio.example.flight.kafka.FlightConsumer -- [FLIGHT] TRV-BULK-25 - Flight FL-193F booked: 1 seat(s) to Tokyo. Remaining: 54
09:40:28.908 [main] INFO io.orqueio.example.flight.kafka.FlightConsumer -- [FLIGHT] Booking 1 seat(s) to Tokyo for 'Bulk', booking TRV-BULK-26
09:40:28.908 [main] INFO io.orqueio.example.flight.kafka.FlightConsumer -- [FLIGHT] TRV-BULK-26 - Flight FL-240A booked: 1 seat(s) to Tokyo. Remaining: 53
09:40:28.908 [main] INFO io.orqueio.example.flight.kafka.FlightConsumer -- [FLIGHT] Booking 1 seat(s) to Tokyo for 'Bulk', booking TRV-BULK-27
09:40:28.908 [main] INFO io.orqueio.example.flight.kafka.FlightConsumer -- [FLIGHT] TRV-BULK-27 - Flight FL-5959 booked: 1 seat(s) to Tokyo. Remaining: 52
09:40:28.908 [main] INFO io.orqueio.example.flight.kafka.FlightConsumer -- [FLIGHT] Booking 1 seat(s) to Tokyo for 'Bulk', booking TRV-BULK-28
09:40:28.908 [main] INFO io.orqueio.example.flight.kafka.FlightConsumer -- [FLIGHT] TRV-BULK-28 - Flight FL-2FBE booked: 1 seat(s) to Tokyo. Remaining: 51
09:40:28.908 [main] INFO io.orqueio.example.flight.kafka.FlightConsumer -- [FLIGHT] Booking 1 seat(s) to Tokyo for 'Bulk', booking TRV-BULK-29
09:40:28.909 [main] INFO io.orqueio.example.flight.kafka.FlightConsumer -- [FLIGHT] TRV-BULK-29 - Flight FL-77BA booked: 1 seat(s) to Tokyo. Remaining: 50
09:40:28.909 [main] INFO io.orqueio.example.flight.kafka.FlightConsumer -- [FLIGHT] Booking 1 seat(s) to Tokyo for 'Bulk', booking TRV-BULK-30
09:40:28.909 [main] INFO io.orqueio.example.flight.kafka.FlightConsumer -- [FLIGHT] TRV-BULK-30 - Flight FL-2CD1 booked: 1 seat(s) to Tokyo. Remaining: 49
09:40:28.909 [main] INFO io.orqueio.example.flight.kafka.FlightConsumer -- [FLIGHT] Booking 1 seat(s) to Tokyo for 'Bulk', booking TRV-BULK-31
09:40:28.909 [main] INFO io.orqueio.example.flight.kafka.FlightConsumer -- [FLIGHT] TRV-BULK-31 - Flight FL-FBF2 booked: 1 seat(s) to Tokyo. Remaining: 48
09:40:28.909 [main] INFO io.orqueio.example.flight.kafka.FlightConsumer -- [FLIGHT] Booking 1 seat(s) to Tokyo for 'Bulk', booking TRV-BULK-32
09:40:28.909 [main] INFO io.orqueio.example.flight.kafka.FlightConsumer -- [FLIGHT] TRV-BULK-32 - Flight FL-36D8 booked: 1 seat(s) to Tokyo. Remaining: 47
09:40:28.909 [main] INFO io.orqueio.example.flight.kafka.FlightConsumer -- [FLIGHT] Booking 1 seat(s) to Tokyo for 'Bulk', booking TRV-BULK-33
09:40:28.909 [main] INFO io.orqueio.example.flight.kafka.FlightConsumer -- [FLIGHT] TRV-BULK-33 - Flight FL-75CD booked: 1 seat(s) to Tokyo. Remaining: 46
09:40:28.910 [main] INFO io.orqueio.example.flight.kafka.FlightConsumer -- [FLIGHT] Booking 1 seat(s) to Tokyo for 'Bulk', booking TRV-BULK-34
09:40:28.910 [main] INFO io.orqueio.example.flight.kafka.FlightConsumer -- [FLIGHT] TRV-BULK-34 - Flight FL-D9EE booked: 1 seat(s) to Tokyo. Remaining: 45
09:40:28.910 [main] INFO io.orqueio.example.flight.kafka.FlightConsumer -- [FLIGHT] Booking 1 seat(s) to Tokyo for 'Bulk', booking TRV-BULK-35
09:40:28.910 [main] INFO io.orqueio.example.flight.kafka.FlightConsumer -- [FLIGHT] TRV-BULK-35 - Flight FL-47FE booked: 1 seat(s) to Tokyo. Remaining: 44
09:40:28.910 [main] INFO io.orqueio.example.flight.kafka.FlightConsumer -- [FLIGHT] Booking 1 seat(s) to Tokyo for 'Bulk', booking TRV-BULK-36
09:40:28.910 [main] INFO io.orqueio.example.flight.kafka.FlightConsumer -- [FLIGHT] TRV-BULK-36 - Flight FL-503C booked: 1 seat(s) to Tokyo. Remaining: 43
09:40:28.910 [main] INFO io.orqueio.example.flight.kafka.FlightConsumer -- [FLIGHT] Booking 1 seat(s) to Tokyo for 'Bulk', booking TRV-BULK-37
09:40:28.911 [main] INFO io.orqueio.example.flight.kafka.FlightConsumer -- [FLIGHT] TRV-BULK-37 - Flight FL-ECBB booked: 1 seat(s) to Tokyo. Remaining: 42
09:40:28.911 [main] INFO io.orqueio.example.flight.kafka.FlightConsumer -- [FLIGHT] Booking 1 seat(s) to Tokyo for 'Bulk', booking TRV-BULK-38
09:40:28.911 [main] INFO io.orqueio.example.flight.kafka.FlightConsumer -- [FLIGHT] TRV-BULK-38 - Flight FL-D1D6 booked: 1 seat(s) to Tokyo. Remaining: 41
09:40:28.911 [main] INFO io.orqueio.example.flight.kafka.FlightConsumer -- [FLIGHT] Booking 1 seat(s) to Tokyo for 'Bulk', booking TRV-BULK-39
09:40:28.911 [main] INFO io.orqueio.example.flight.kafka.FlightConsumer -- [FLIGHT] TRV-BULK-39 - Flight FL-E1AC booked: 1 seat(s) to Tokyo. Remaining: 40
09:40:28.911 [main] INFO io.orqueio.example.flight.kafka.FlightConsumer -- [FLIGHT] Booking 1 seat(s) to Tokyo for 'Bulk', booking TRV-BULK-40
09:40:28.912 [main] INFO io.orqueio.example.flight.kafka.FlightConsumer -- [FLIGHT] TRV-BULK-40 - Flight FL-7E77 booked: 1 seat(s) to Tokyo. Remaining: 39
09:40:28.912 [main] INFO io.orqueio.example.flight.kafka.FlightConsumer -- [FLIGHT] Booking 1 seat(s) to Tokyo for 'Bulk', booking TRV-BULK-41
09:40:28.912 [main] INFO io.orqueio.example.flight.kafka.FlightConsumer -- [FLIGHT] TRV-BULK-41 - Flight FL-C3FF booked: 1 seat(s) to Tokyo. Remaining: 38
09:40:28.912 [main] INFO io.orqueio.example.flight.kafka.FlightConsumer -- [FLIGHT] Booking 1 seat(s) to Tokyo for 'Bulk', booking TRV-BULK-42
09:40:28.912 [main] INFO io.orqueio.example.flight.kafka.FlightConsumer -- [FLIGHT] TRV-BULK-42 - Flight FL-7471 booked: 1 seat(s) to Tokyo. Remaining: 37
09:40:28.912 [main] INFO io.orqueio.example.flight.kafka.FlightConsumer -- [FLIGHT] Booking 1 seat(s) to Tokyo for 'Bulk', booking TRV-BULK-43
09:40:28.912 [main] INFO io.orqueio.example.flight.kafka.FlightConsumer -- [FLIGHT] TRV-BULK-43 - Flight FL-DCB4 booked: 1 seat(s) to Tokyo. Remaining: 36
09:40:28.912 [main] INFO io.orqueio.example.flight.kafka.FlightConsumer -- [FLIGHT] Booking 1 seat(s) to Tokyo for 'Bulk', booking TRV-BULK-44
09:40:28.913 [main] INFO io.orqueio.example.flight.kafka.FlightConsumer -- [FLIGHT] TRV-BULK-44 - Flight FL-92C7 booked: 1 seat(s) to Tokyo. Remaining: 35
09:40:28.913 [main] INFO io.orqueio.example.flight.kafka.FlightConsumer -- [FLIGHT] Booking 1 seat(s) to Tokyo for 'Bulk', booking TRV-BULK-45
09:40:28.913 [main] INFO io.orqueio.example.flight.kafka.FlightConsumer -- [FLIGHT] TRV-BULK-45 - Flight FL-92F8 booked: 1 seat(s) to Tokyo. Remaining: 34
09:40:28.913 [main] INFO io.orqueio.example.flight.kafka.FlightConsumer -- [FLIGHT] Booking 1 seat(s) to Tokyo for 'Bulk', booking TRV-BULK-46
09:40:28.913 [main] INFO io.orqueio.example.flight.kafka.FlightConsumer -- [FLIGHT] TRV-BULK-46 - Flight FL-DB83 booked: 1 seat(s) to Tokyo. Remaining: 33
09:40:28.913 [main] INFO io.orqueio.example.flight.kafka.FlightConsumer -- [FLIGHT] Booking 1 seat(s) to Tokyo for 'Bulk', booking TRV-BULK-47
09:40:28.913 [main] INFO io.orqueio.example.flight.kafka.FlightConsumer -- [FLIGHT] TRV-BULK-47 - Flight FL-E832 booked: 1 seat(s) to Tokyo. Remaining: 32
09:40:28.914 [main] INFO io.orqueio.example.flight.kafka.FlightConsumer -- [FLIGHT] Booking 1 seat(s) to Tokyo for 'Bulk', booking TRV-BULK-48
09:40:28.914 [main] INFO io.orqueio.example.flight.kafka.FlightConsumer -- [FLIGHT] TRV-BULK-48 - Flight FL-A2DF booked: 1 seat(s) to Tokyo. Remaining: 31
09:40:28.914 [main] INFO io.orqueio.example.flight.kafka.FlightConsumer -- [FLIGHT] Booking 1 seat(s) to Tokyo for 'Bulk', booking TRV-BULK-49
09:40:28.914 [main] INFO io.orqueio.example.flight.kafka.FlightConsumer -- [FLIGHT] TRV-BULK-49 - Flight FL-89C4 booked: 1 seat(s) to Tokyo. Remaining: 30
09:40:28.914 [main] INFO io.orqueio.example.flight.kafka.FlightConsumer -- [FLIGHT] Booking 1 seat(s) to Tokyo for 'Bulk', booking TRV-BULK-50
09:40:28.914 [main] INFO io.orqueio.example.flight.kafka.FlightConsumer -- [FLIGHT] TRV-BULK-50 - Flight FL-38AF booked: 1 seat(s) to Tokyo. Remaining: 29
09:40:28.915 [main] INFO io.orqueio.example.flight.kafka.FlightConsumer -- [FLIGHT] Booking 1 seat(s) to Tokyo for 'Bulk', booking TRV-BULK-51
09:40:28.915 [main] INFO io.orqueio.example.flight.kafka.FlightConsumer -- [FLIGHT] TRV-BULK-51 - Flight FL-4FBA booked: 1 seat(s) to Tokyo. Remaining: 28
09:40:28.915 [main] INFO io.orqueio.example.flight.kafka.FlightConsumer -- [FLIGHT] Booking 1 seat(s) to Tokyo for 'Bulk', booking TRV-BULK-52
09:40:28.915 [main] INFO io.orqueio.example.flight.kafka.FlightConsumer -- [FLIGHT] TRV-BULK-52 - Flight FL-5A9D booked: 1 seat(s) to Tokyo. Remaining: 27
09:40:28.916 [main] INFO io.orqueio.example.flight.kafka.FlightConsumer -- [FLIGHT] Booking 1 seat(s) to Tokyo for 'Bulk', booking TRV-BULK-53
09:40:28.916 [main] INFO io.orqueio.example.flight.kafka.FlightConsumer -- [FLIGHT] TRV-BULK-53 - Flight FL-569F booked: 1 seat(s) to Tokyo. Remaining: 26
09:40:28.916 [main] INFO io.orqueio.example.flight.kafka.FlightConsumer -- [FLIGHT] Booking 1 seat(s) to Tokyo for 'Bulk', booking TRV-BULK-54
09:40:28.916 [main] INFO io.orqueio.example.flight.kafka.FlightConsumer -- [FLIGHT] TRV-BULK-54 - Flight FL-F3D8 booked: 1 seat(s) to Tokyo. Remaining: 25
09:40:28.916 [main] INFO io.orqueio.example.flight.kafka.FlightConsumer -- [FLIGHT] Booking 1 seat(s) to Tokyo for 'Bulk', booking TRV-BULK-55
09:40:28.916 [main] INFO io.orqueio.example.flight.kafka.FlightConsumer -- [FLIGHT] TRV-BULK-55 - Flight FL-C6CC booked: 1 seat(s) to Tokyo. Remaining: 24
09:40:28.916 [main] INFO io.orqueio.example.flight.kafka.FlightConsumer -- [FLIGHT] Booking 1 seat(s) to Tokyo for 'Bulk', booking TRV-BULK-56
09:40:28.916 [main] INFO io.orqueio.example.flight.kafka.FlightConsumer -- [FLIGHT] TRV-BULK-56 - Flight FL-B850 booked: 1 seat(s) to Tokyo. Remaining: 23
09:40:28.916 [main] INFO io.orqueio.example.flight.kafka.FlightConsumer -- [FLIGHT] Booking 1 seat(s) to Tokyo for 'Bulk', booking TRV-BULK-57
09:40:28.916 [main] INFO io.orqueio.example.flight.kafka.FlightConsumer -- [FLIGHT] TRV-BULK-57 - Flight FL-4770 booked: 1 seat(s) to Tokyo. Remaining: 22
09:40:28.916 [main] INFO io.orqueio.example.flight.kafka.FlightConsumer -- [FLIGHT] Booking 1 seat(s) to Tokyo for 'Bulk', booking TRV-BULK-58
09:40:28.917 [main] INFO io.orqueio.example.flight.kafka.FlightConsumer -- [FLIGHT] TRV-BULK-58 - Flight FL-2A3A booked: 1 seat(s) to Tokyo. Remaining: 21
09:40:28.917 [main] INFO io.orqueio.example.flight.kafka.FlightConsumer -- [FLIGHT] Booking 1 seat(s) to Tokyo for 'Bulk', booking TRV-BULK-59
09:40:28.917 [main] INFO io.orqueio.example.flight.kafka.FlightConsumer -- [FLIGHT] TRV-BULK-59 - Flight FL-D18B booked: 1 seat(s) to Tokyo. Remaining: 20
09:40:28.917 [main] INFO io.orqueio.example.flight.kafka.FlightConsumer -- [FLIGHT] Booking 1 seat(s) to Tokyo for 'Bulk', booking TRV-BULK-60
09:40:28.918 [main] INFO io.orqueio.example.flight.kafka.FlightConsumer -- [FLIGHT] TRV-BULK-60 - Flight FL-59F0 booked: 1 seat(s) to Tokyo. Remaining: 19
09:40:28.918 [main] INFO io.orqueio.example.flight.kafka.FlightConsumer -- [FLIGHT] Booking 1 seat(s) to Tokyo for 'Bulk', booking TRV-BULK-61
09:40:28.918 [main] INFO io.orqueio.example.flight.kafka.FlightConsumer -- [FLIGHT] TRV-BULK-61 - Flight FL-F188 booked: 1 seat(s) to Tokyo. Remaining: 18
09:40:28.918 [main] INFO io.orqueio.example.flight.kafka.FlightConsumer -- [FLIGHT] Booking 1 seat(s) to Tokyo for 'Bulk', booking TRV-BULK-62
09:40:28.918 [main] INFO io.orqueio.example.flight.kafka.FlightConsumer -- [FLIGHT] TRV-BULK-62 - Flight FL-942D booked: 1 seat(s) to Tokyo. Remaining: 17
09:40:28.918 [main] INFO io.orqueio.example.flight.kafka.FlightConsumer -- [FLIGHT] Booking 1 seat(s) to Tokyo for 'Bulk', booking TRV-BULK-63
09:40:28.918 [main] INFO io.orqueio.example.flight.kafka.FlightConsumer -- [FLIGHT] TRV-BULK-63 - Flight FL-E801 booked: 1 seat(s) to Tokyo. Remaining: 16
09:40:28.918 [main] INFO io.orqueio.example.flight.kafka.FlightConsumer -- [FLIGHT] Booking 1 seat(s) to Tokyo for 'Bulk', booking TRV-BULK-64
09:40:28.918 [main] INFO io.orqueio.example.flight.kafka.FlightConsumer -- [FLIGHT] TRV-BULK-64 - Flight FL-892D booked: 1 seat(s) to Tokyo. Remaining: 15
09:40:28.919 [main] INFO io.orqueio.example.flight.kafka.FlightConsumer -- [FLIGHT] Booking 1 seat(s) to Tokyo for 'Bulk', booking TRV-BULK-65
09:40:28.919 [main] INFO io.orqueio.example.flight.kafka.FlightConsumer -- [FLIGHT] TRV-BULK-65 - Flight FL-A39F booked: 1 seat(s) to Tokyo. Remaining: 14
09:40:28.919 [main] INFO io.orqueio.example.flight.kafka.FlightConsumer -- [FLIGHT] Booking 1 seat(s) to Tokyo for 'Bulk', booking TRV-BULK-66
09:40:28.919 [main] INFO io.orqueio.example.flight.kafka.FlightConsumer -- [FLIGHT] TRV-BULK-66 - Flight FL-CAA5 booked: 1 seat(s) to Tokyo. Remaining: 13
09:40:28.919 [main] INFO io.orqueio.example.flight.kafka.FlightConsumer -- [FLIGHT] Booking 1 seat(s) to Tokyo for 'Bulk', booking TRV-BULK-67
09:40:28.919 [main] INFO io.orqueio.example.flight.kafka.FlightConsumer -- [FLIGHT] TRV-BULK-67 - Flight FL-9431 booked: 1 seat(s) to Tokyo. Remaining: 12
09:40:28.919 [main] INFO io.orqueio.example.flight.kafka.FlightConsumer -- [FLIGHT] Booking 1 seat(s) to Tokyo for 'Bulk', booking TRV-BULK-68
09:40:28.919 [main] INFO io.orqueio.example.flight.kafka.FlightConsumer -- [FLIGHT] TRV-BULK-68 - Flight FL-5A30 booked: 1 seat(s) to Tokyo. Remaining: 11
09:40:28.919 [main] INFO io.orqueio.example.flight.kafka.FlightConsumer -- [FLIGHT] Booking 1 seat(s) to Tokyo for 'Bulk', booking TRV-BULK-69
09:40:28.919 [main] INFO io.orqueio.example.flight.kafka.FlightConsumer -- [FLIGHT] TRV-BULK-69 - Flight FL-8448 booked: 1 seat(s) to Tokyo. Remaining: 10
09:40:28.919 [main] INFO io.orqueio.example.flight.kafka.FlightConsumer -- [FLIGHT] Booking 1 seat(s) to Tokyo for 'Bulk', booking TRV-BULK-70
09:40:28.920 [main] INFO io.orqueio.example.flight.kafka.FlightConsumer -- [FLIGHT] TRV-BULK-70 - Flight FL-086B booked: 1 seat(s) to Tokyo. Remaining: 9
09:40:28.920 [main] INFO io.orqueio.example.flight.kafka.FlightConsumer -- [FLIGHT] Booking 1 seat(s) to Tokyo for 'Bulk', booking TRV-BULK-71
09:40:28.920 [main] INFO io.orqueio.example.flight.kafka.FlightConsumer -- [FLIGHT] TRV-BULK-71 - Flight FL-6FD0 booked: 1 seat(s) to Tokyo. Remaining: 8
09:40:28.920 [main] INFO io.orqueio.example.flight.kafka.FlightConsumer -- [FLIGHT] Booking 1 seat(s) to Tokyo for 'Bulk', booking TRV-BULK-72
09:40:28.920 [main] INFO io.orqueio.example.flight.kafka.FlightConsumer -- [FLIGHT] TRV-BULK-72 - Flight FL-3C6B booked: 1 seat(s) to Tokyo. Remaining: 7
09:40:28.920 [main] INFO io.orqueio.example.flight.kafka.FlightConsumer -- [FLIGHT] Booking 1 seat(s) to Tokyo for 'Bulk', booking TRV-BULK-73
09:40:28.920 [main] INFO io.orqueio.example.flight.kafka.FlightConsumer -- [FLIGHT] TRV-BULK-73 - Flight FL-3E35 booked: 1 seat(s) to Tokyo. Remaining: 6
09:40:28.920 [main] INFO io.orqueio.example.flight.kafka.FlightConsumer -- [FLIGHT] Booking 1 seat(s) to Tokyo for 'Bulk', booking TRV-BULK-74
09:40:28.920 [main] INFO io.orqueio.example.flight.kafka.FlightConsumer -- [FLIGHT] TRV-BULK-74 - Flight FL-D368 booked: 1 seat(s) to Tokyo. Remaining: 5
09:40:28.920 [main] INFO io.orqueio.example.flight.kafka.FlightConsumer -- [FLIGHT] Booking 1 seat(s) to Tokyo for 'Bulk', booking TRV-BULK-75
09:40:28.920 [main] INFO io.orqueio.example.flight.kafka.FlightConsumer -- [FLIGHT] TRV-BULK-75 - Flight FL-DF82 booked: 1 seat(s) to Tokyo. Remaining: 4
09:40:28.921 [main] INFO io.orqueio.example.flight.kafka.FlightConsumer -- [FLIGHT] Booking 1 seat(s) to Tokyo for 'Bulk', booking TRV-BULK-76
09:40:28.921 [main] INFO io.orqueio.example.flight.kafka.FlightConsumer -- [FLIGHT] TRV-BULK-76 - Flight FL-FF91 booked: 1 seat(s) to Tokyo. Remaining: 3
09:40:28.921 [main] INFO io.orqueio.example.flight.kafka.FlightConsumer -- [FLIGHT] Booking 1 seat(s) to Tokyo for 'Bulk', booking TRV-BULK-77
09:40:28.921 [main] INFO io.orqueio.example.flight.kafka.FlightConsumer -- [FLIGHT] TRV-BULK-77 - Flight FL-2329 booked: 1 seat(s) to Tokyo. Remaining: 2
09:40:28.921 [main] INFO io.orqueio.example.flight.kafka.FlightConsumer -- [FLIGHT] Booking 1 seat(s) to Tokyo for 'Bulk', booking TRV-BULK-78
09:40:28.921 [main] INFO io.orqueio.example.flight.kafka.FlightConsumer -- [FLIGHT] TRV-BULK-78 - Flight FL-5545 booked: 1 seat(s) to Tokyo. Remaining: 1
09:40:28.921 [main] INFO io.orqueio.example.flight.kafka.FlightConsumer -- [FLIGHT] Booking 1 seat(s) to Tokyo for 'Bulk', booking TRV-BULK-79
09:40:28.921 [main] INFO io.orqueio.example.flight.kafka.FlightConsumer -- [FLIGHT] TRV-BULK-79 - Flight FL-C143 booked: 1 seat(s) to Tokyo. Remaining: 0
09:40:28.922 [main] INFO io.orqueio.example.flight.kafka.FlightConsumer -- [FLIGHT] Booking 1 seat(s) to Tokyo for 'LastOne', booking TRV-LAST
09:40:28.922 [main] WARN io.orqueio.example.flight.kafka.FlightConsumer -- [FLIGHT] TRV-LAST - No flights available to Tokyo. Requested: 1, Available: 0
]]></system-out>
  </testcase>
</testsuite>