<?xml version="1.0" encoding="UTF-8"?>
<testsuite xmlns:xsi="http://www.w3.org/2001/XMLSchema-instance" xsi:noNamespaceSchemaLocation="https://maven.apache.org/surefire/maven-surefire-plugin/xsd/surefire-test-report-3.0.xsd" version="3.0" name="io.orqueio.example.hotel.kafka.HotelConsumerTest" time="0.707" tests="4" errors="0" skipped="0" failures="0">
  <properties>
[...]
</properties>
  <testcase name="shouldRejectHotel_whenNoRoomsAvailable" classname="io.orqueio.example.hotel.kafka.HotelConsumerTest" time="0.679">
    <system-out><![CDATA[09:40:30.455 [main] INFO io.orqueio.example.hotel.kafka.HotelConsumer -- [HOTEL] Booking hotel in Dubai for 'Guest 0', budget: 5000.0 EUR, booking TRV-FILL-0
09:40:30.458 [main] INFO io.orqueio.example.hotel.kafka.HotelConsumer -- [HOTEL] TRV-FILL-0 - Hotel booked in Dubai. Confirmation: HTL-B03DCC. Rate: 450,00 EUR/night
09:40:30.482 [main] INFO io.orqueio.example.hotel.kafka.HotelConsumer -- [HOTEL] Booking hotel in Dubai for 'Guest 1', budget: 5000.0 EUR, booking TRV-FILL-1
09:40:30.483 [main] INFO io.orqueio.example.hotel.kafka.HotelConsumer -- [HOTEL] TRV-FILL-1 - Hotel booked in Dubai. Confirmation: HTL-5C3997. Rate: 450,00 EUR/night
09:40:30.483 [main] INFO io.orqueio.example.hotel.kafka.HotelConsumer -- [HOTEL] Booking hotel in Dubai for 'Guest 2', budget: 5000.0 EUR, booking TRV-FILL-2
09:40:30.484 [main] INFO io.orqueio.example.hotel.kafka.HotelConsumer -- [HOTEL] TRV-FILL-2 - Hotel booked in Dubai. Confirmation: HTL-B35CE8. Rate: 450,00 EUR/night
09:40:30.484 [main] INFO io.orqueio.example.hotel.kafka.HotelConsumer -- [HOTEL] Booking hotel in Dubai for 'Guest 3', budget: 5000.0 EUR, booking TRV-FILL-3
09:40:30.484 [main] INFO io.orqueio.example.hotel.kafka.HotelConsumer -- [HOTEL] TRV-FILL-3 - Hotel booked in Dubai. Confirmation: HTL-A71D5D. Rate: 450,00 EUR/night
09:40:30.484 [main] INFO io.orqueio.example.hotel.kafka.HotelConsumer -- [HOTEL] Booking hotel in Dubai for 'Guest 4', budget: 5000.0 EUR, booking TRV-FILL-4
09:40:30.485 [main] INFO io.orqueio.example.hotel.kafka.HotelConsumer -- [HOTEL] TRV-FILL-4 - Hotel booked in Dubai. Confirmation: HTL-85F3F5. Rate: 450,00 EUR/night
09:40:30.485 [main] INFO io.orqueio.example.hotel.kafka.HotelConsumer -- [HOTEL] Booking hotel in Dubai for 'Guest 5', budget: 5000.0 EUR, booking TRV-FILL-5
09:40:30.485 [main] INFO io.orqueio.example.hotel.kafka.HotelConsumer -- [HOTEL] TRV-FILL-5 - Hotel booked in Dubai. Confirmation: HTL-367503. Rate: 450,00 EUR/night
09:40:30.485 [main] INFO io.orqueio.example.hotel.kafka.HotelConsumer -- [HOTEL] Booking hotel in Dubai for 'Guest 6', budget: 5000.0 EUR, booking TRV-FILL-6
09:40:30.485 [main] INFO io.orqueio.example.hotel.kafka.HotelConsumer -- [HOTEL] TRV-FILL-6 - Hotel booked in Dubai. Confirmation: HTL-8D298D. Rate: 450,00 EUR/night
09:40:30.485 [main] INFO io.orqueio.example.hotel.kafka.HotelConsumer -- [HOTEL] Booking hotel in Dubai for 'Guest 7', budget: 5000.0 EUR, booking TRV-FILL-7
09:40:30.486 [main] INFO io.orqueio.example.hotel.kafka.HotelConsumer -- [HOTEL] TRV-FILL-7 - Hotel booked in Dubai. Confirmation: HTL-9F837F. Rate: 450,00 EUR/night
09:40:30.486 [main] INFO io.orqueio.example.hotel.kafka.HotelConsumer -- [HOTEL] Booking hotel in Dubai for 'Guest 8', budget: 5000.0 EUR, booking TRV-FILL-8
09:40:30.486 [main] INFO io.orqueio.example.hotel.kafka.HotelConsumer -- [HOTEL] TRV-FILL-8 - Hotel booked in Dubai. Confirmation: HTL-DB6F64. Rate: 450,00 EUR/night
09:40:30.486 [main] INFO io.orqueio.example.hotel.kafka.HotelConsumer -- [HOTEL] Booking hotel in Dubai for 'Guest 9', budget: 5000.0 EUR, booking TRV-FILL-9
09:40:30.486 [main] INFO io.orqueio.example.hotel.kafka.HotelConsumer -- [HOTEL] TRV-FILL-9 - Hotel booked in Dubai. Confirmation: HTL-59CE6B. Rate: 450,00 EUR/night
09:40:30.486 [main] INFO io.orqueio.example.hotel.kafka.HotelConsumer -- [HOTEL] Booking hotel in Dubai for 'TooLate', budget: 5000.0 EUR, booking TRV-FULL
09:40:30.486 [main] WARN io.orqueio.example.hotel.kafka.HotelConsumer -- [HOTEL] TRV-FULL - No rooms available in Dubai
]]></system-out>
    <system-err><![CDATA[Mockito is currently self-attaching to enable the inline-mock-maker. This will no longer work in future releases of the JDK. Please add Mockito as an agent to your build as described in Mockito's documentation: https://javadoc.io/doc/org.mockito/mockito-core/latest/org.mockito/org/mockito/Mockito.html#0.3
WARNING: A Java agent has been loaded dynamically (C:\Users\shaym\.m2\repository\net\bytebuddy\byte-buddy-agent\1.17.8\byte-buddy-agent-1.17.8.jar)
WARNING: If a serviceability tool is in use, please run with -XX:+EnableDynamicAgentLoading to hide this warning
WARNING: If a serviceability tool is not in use, please run with -Djdk.instrument.traceUsage for more information
WARNING: Dynamic loading of agents will be disallowed by default in a future release
]]></system-err>
  </testcase>
  <testcase name="shouldCancelHotel_andRestoreRoom" classname="io.orqueio.example.hotel.kafka.HotelConsumerTest" time="0.007">
    <system-out><![CDATA[09:40:30.510 [main] INFO io.orqueio.example.hotel.kafka.HotelConsumer -- [HOTEL] Booking hotel in London for 'Eve', budget: 3000.0 EUR, booking TRV-003
09:40:30.511 [main] INFO io.orqueio.example.hotel.kafka.HotelConsumer -- [HOTEL] TRV-003 - Hotel booked in London. Confirmation: HTL-33E1B5. Rate: 280,00 EUR/night
09:40:30.511 [main] INFO io.orqueio.example.hotel.kafka.HotelConsumer -- [HOTEL-COMPENSATE] Cancelling hotel for booking TRV-003
09:40:30.513 [main] INFO io.orqueio.example.hotel.kafka.HotelConsumer -- [HOTEL-COMPENSATE] Restored 1 room in London
]]></system-out>
  </testcase>
  <testcase name="shouldRejectHotel_whenBudgetTooLow" classname="io.orqueio.example.hotel.kafka.HotelConsumerTest" time="0.002">
    <system-out><![CDATA[09:40:30.516 [main] INFO io.orqueio.example.hotel.kafka.HotelConsumer -- [HOTEL] Booking hotel in Dubai for 'Charlie', budget: 100.0 EUR, booking TRV-002
09:40:30.517 [main] WARN io.orqueio.example.hotel.kafka.HotelConsumer -- [HOTEL] TRV-002 - Budget 100,00 EUR insufficient for Dubai (rate: 450,00 EUR/night)
]]></system-out>
  </testcase>
  <testcase name="shouldBookHotel_whenBudgetSufficient" classname="io.orqueio.example.hotel.kafka.HotelConsumerTest" time="0.002">
    <system-out><![CDATA[09:40:30.519 [main] INFO io.orqueio.example.hotel.kafka.HotelConsumer -- [HOTEL] Booking hotel in Paris for 'Alice', budget: 2000.0 EUR, booking TRV-001
09:40:30.519 [main] INFO io.orqueio.example.hotel.kafka.HotelConsumer -- [HOTEL] TRV-001 - Hotel booked in Paris. Confirmation: HTL-88C025. Rate: 180,00 EUR/night
]]></system-out>
  </testcase>
</testsuite>