<?xml version="1.0" encoding="UTF-8"?>
<testsuite xmlns:xsi="http://www.w3.org/2001/XMLSchema-instance" xsi:noNamespaceSchemaLocation="https://maven.apache.org/surefire/maven-surefire-plugin/xsd/surefire-test-report-3.0.xsd" version="3.0" name="io.orqueio.example.travel.TravelSagaProcessTest" time="7.234" tests="5" errors="0" skipped="0" failures="0">
  <properties>
[...]
</properties>
  <testcase name="shouldStartSagaProcess" classname="io.orqueio.example.travel.TravelSagaProcessTest" time="0.403">
    <system-out><![CDATA[09:40:19.335 [main] INFO org.springframework.test.context.support.AnnotationConfigContextLoaderUtils -- Could not detect default configuration classes for test class [io.orqueio.example.travel.TravelSagaProcessTest]: TravelSagaProcessTest does not declare any static, non-private, non-final, nested classes annotated with @Configuration.
09:40:19.414 [main] INFO org.springframework.boot.test.context.SpringBootTestContextBootstrapper -- Found @SpringBootConfiguration io.orqueio.example.travel.TravelServiceApplication for test class io.orqueio.example.travel.TravelSagaProcessTest

   ___                              ___    ___      ___   _          _      __
  / _ \   _ _   __ _   _  _   ___  |_ _|  / _ \    | _ \ | |  __ _  | |_   / _|  ___   _ _   _ __
 | (_) | | '_| / _` | | || | / -_)  | |  | (_) |   |  _/ | | / _` | |  _| |  _| / _ \ | '_| | '  \
  \___/  |_|   \__, |  \_,_| \___| |___|  \___/    |_|   |_| \__,_|  \__| |_|   \___/ |_|   |_|_|_|
                  |_|
  Spring-Boot:  (v3.5.9)
  Orque IO Platform: ${orqueio.bpm.formatted-version}
  Orque IO Platform Spring Boot Starter: (v1.0.7)

2026-03-16T09:40:19.832+01:00  INFO 15456 --- [           main] k.utils.Log4jControllerRegistration$     : Registered kafka:type=kafka.Log4jController MBean
2026-03-16T09:40:19.868+01:00  INFO 15456 --- [           main] o.a.zookeeper.server.ZooKeeperServer     : 
2026-03-16T09:40:19.869+01:00  INFO 15456 --- [           main] o.a.zookeeper.server.ZooKeeperServer     :   ______                  _                                          
2026-03-16T09:40:19.869+01:00  INFO 15456 --- [           main] o.a.zookeeper.server.ZooKeeperServer     :  |___  /                 | |                                         
2026-03-16T09:40:19.869+01:00  INFO 15456 --- [           main] o.a.zookeeper.server.ZooKeeperServer     :     / /    ___     ___   | | __   ___    ___   _ __     ___   _ __   
2026-03-16T09:40:19.869+01:00  INFO 15456 --- [           main] o.a.zookeeper.server.ZooKeeperServer     :    / /    / _ \   / _ \  | |/ /  / _ \  / _ \ | '_ \   / _ \ | '__|
2026-03-16T09:40:19.869+01:00  INFO 15456 --- [           main] o.a.zookeeper.server.ZooKeeperServer     :   / /__  | (_) | | (_) | |   <  |  __/ |  __/ | |_) | |  __/ | |    
2026-03-16T09:40:19.869+01:00  INFO 15456 --- [           main] o.a.zookeeper.server.ZooKeeperServer     :  /_____|  \___/   \___/  |_|\_\  \___|  \___| | .__/   \___| |_|
2026-03-16T09:40:19.869+01:00  INFO 15456 --- [           main] o.a.zookeeper.server.ZooKeeperServer     :                                               | |                     
2026-03-16T09:40:19.869+01:00  INFO 15456 --- [           main] o.a.zookeeper.server.ZooKeeperServer     :                                               |_|                     
2026-03-16T09:40:19.869+01:00  INFO 15456 --- [           main] o.a.zookeeper.server.ZooKeeperServer     : 
2026-03-16T09:40:19.877+01:00  INFO 15456 --- [           main] o.a.zookeeper.server.ZooKeeperServer     : Server environment:zookeeper.version=3.8.5-19f1842d4b6ee1f82cc8b05284959b26c6ae507d, built on 2025-09-03 21:35 UTC
2026-03-16T09:40:19.877+01:00  INFO 15456 --- [           main] o.a.zookeeper.server.ZooKeeperServer     : Server environment:host.name=shayma
2026-03-16T09:40:19.877+01:00  INFO 15456 --- [           main] o.a.zookeeper.server.ZooKeeperServer     : Server environment:java.version=25.0.1
2026-03-16T09:40:19.877+01:00  INFO 15456 --- [           main] o.a.zookeeper.server.ZooKeeperServer     : Server environment:java.vendor=Oracle Corporation
2026-03-16T09:40:19.878+01:00  INFO 15456 --- [           main] o.a.zookeeper.server.ZooKeeperServer     : Server environment:java.home=C:\Program Files\Java\jdk-25
2026-03-16T09:40:19.878+01:00  INFO 15456 --- [           main] o.a.zookeeper.server.ZooKeeperServer     : Server environment:java.class.path=C:\Dev\CodeOnce\Git\OrqueIO\example-travel-saga\travel-service\target\test-classes;C:\Dev\CodeOnce\Git\OrqueIO\example-travel-saga\travel-service\target\classes;C:\Users\shaym\.m2\repository\io\orqueio\bpm\springboot\orqueio-bpm-spring-boot-starter-webapp\1.0.7\orqueio-bpm-spring-boot-starter-webapp-1.0.7.jar;C:\Users\shaym\.m2\repository\io\orqueio\bpm\springboot\orqueio-bpm-spring-boot-starter-webapp-core\1.0.7\orqueio-bpm-spring-boot-starter-webapp-core-1.0.7.jar;C:\Users\shaym\.m2\repository\io\orqueio\bpm\webapp\orqueio-webapp-jakarta\1.0.7\orqueio-webapp-jakarta-1.0.7-classes.jar;C:\Users\shaym\.m2\repository\io\orqueio\commons\orqueio-commons-logging\1.0.7\orqueio-commons-logging-1.0.7.jar;C:\Users\shaym\.m2\repository\io\orqueio\bpm\webapp\orqueio-webapp-webjar\1.0.7\orqueio-webapp-webjar-1.0.7.jar;C:\Users\shaym\.m2\repository\io\orqueio\bpm\springboot\orqueio-bpm-spring-boot-starter-rest\1.0.7\orqueio-bpm-spring-boot-starter-rest-1.0.7.jar;C:\Users\shaym\.m2\repository\io\orqueio\bpm\springboot\orqueio-bpm-spring-boot-starter\1.0.7\orqueio-bpm-spring-boot-starter-1.0.7.jar;C:\Users\shaym\.m2\repository\io\orqueio\bpm\orqueio-engine-spring-6\1.0.7\orqueio-engine-spring-6-1.0.7.jar;C:\Users\shaym\.m2\repository\io\orqueio\bpm\orqueio-engine\1.0.7\orqueio-engine-1.0.7.jar;C:\Users\shaym\.m2\repository\io\orqueio\bpm\model\orqueio-bpmn-model\1.0.7\orqueio-bpmn-model-1.0.7.jar;C:\Users\shaym\.m2\repository\io\orqueio\bpm\model\orqueio-xml-model\1.0.7\orqueio-xml-model-1.0.7.jar;C:\Users\shaym\.m2\repository\io\orqueio\bpm\model\orqueio-cmmn-model\1.0.7\orqueio-cmmn-model-1.0.7.jar;C:\Users\shaym\.m2\repository\io\orqueio\bpm\juel\orqueio-juel\1.0.7\orqueio-juel-1.0.7.jar;C:\Users\shaym\.m2\repository\io\orqueio\bpm\dmn\orqueio-engine-dmn\1.0.7\orqueio-engine-dmn-1.0.7.jar;C:\Users\shaym\.m2\repository\io\orqueio\commons\orqueio-commons-utils\1.0.7\orqueio-commons-utils-1.0.7.jar;C:\Users\shaym\.m2\repository\io\orqueio\bpm\model\orqueio-dmn-model\1.0.7\orqueio-dmn-model-1.0.7.jar;C:\Users\shaym\.m2\repository\io\orqueio\bpm\dmn\orqueio-engine-feel-api\1.0.7\orqueio-engine-feel-api-1.0.7.jar;C:\Users\shaym\.m2\repository\io\orqueio\bpm\dmn\orqueio-engine-feel-juel\1.0.7\orqueio-engine-feel-juel-1.0.7.jar;C:\Users\shaym\.m2\repository\io\orqueio\bpm\dmn\orqueio-engine-feel-scala\1.0.7\orqueio-engine-feel-scala-1.0.7.jar;C:\Users\shaym\.m2\repository\org\camunda\feel\feel-engine\1.19.3\feel-engine-1.19.3-scala-shaded.jar;C:\Users\shaym\.m2\repository\io\orqueio\commons\orqueio-commons-typed-values\1.0.7\orqueio-commons-typed-values-1.0.7.jar;C:\Users\shaym\.m2\repository\org\mybatis\mybatis\3.5.15\mybatis-3.5.15.jar;C:\Users\shaym\.m2\repository\joda-time\joda-time\2.12.5\joda-time-2.12.5.jar;C:\Users\shaym\.m2\repository\org\springframework\spring-jdbc\6.2.15\spring-jdbc-6.2.15.jar;C:\Users\shaym\.m2\repository\org\springframework\spring-orm\6.2.15\spring-orm-6.2.15.jar;C:\Users\shaym\.m2\repository\org\springframework\boot\spring-boot-autoconfigure\3.5.9\spring-boot-autoconfigure-3.5.9.jar;C:\Users\shaym\.m2\repository\org\apache\commons\commons-lang3\3.17.0\commons-lang3-3.17.0.jar;C:\Users\shaym\.m2\repository\com\fasterxml\uuid\java-uuid-generator\4.3.0\java-uuid-generator-4.3.0.jar;C:\Users\shaym\.m2\repository\com\sun\xml\bind\jaxb-impl\4.0.6\jaxb-impl-4.0.6.jar;C:\Users\shaym\.m2\repository\com\sun\xml\bind\jaxb-core\4.0.6\jaxb-core-4.0.6.jar;C:\Users\shaym\.m2\repository\org\eclipse\angus\angus-activation\2.0.3\angus-activation-2.0.3.jar;C:\Users\shaym\.m2\repository\io\orqueio\bpm\orqueio-engine-rest-core-jakarta\1.0.7\orqueio-engine-rest-core-jakarta-1.0.7.jar;C:\Users\shaym\.m2\repository\commons-fileupload\commons-fileupload\1.6.0\commons-fileupload-1.6.0.jar;C:\Users\shaym\.m2\repository\commons-io\commons-io\2.17.0\commons-io-2.17.0.jar;C:\Users\shaym\.m2\repository\com\fasterxml\jackson\jakarta\rs\jackson-jakarta-rs-json-provider\2.19.4\jackson-jakarta-rs-json-provider-2.19.4.jar;C:\Users\shaym\.m2\repository\com\fasterxml\jackson\jakarta\rs\jackson-jakarta-rs-base\2.19.4\jackson-jakarta-rs-base-2.19.4.jar;C:\Users\shaym\.m2\repository\com\fasterxml\jackson\module\jackson-module-jakarta-xmlbind-annotations\2.19.4\jackson-module-jakarta-xmlbind-annotations-2.19.4.jar;C:\Users\shaym\.m2\repository\com\fasterxml\jackson\core\jackson-databind\2.19.4\jackson-databind-2.19.4.jar;C:\Users\shaym\.m2\repository\com\fasterxml\jackson\core\jackson-annotations\2.19.4\jackson-annotations-2.19.4.jar;C:\Users\shaym\.m2\repository\com\fasterxml\jackson\core\jackson-core\2.19.4\jackson-core-2.19.4.jar;C:\Users\shaym\.m2\repository\com\fasterxml\jackson\datatype\jackson-datatype-jsr310\2.19.4\jackson-datatype-jsr310-2.19.4.jar;C:\Users\shaym\.m2\repository\org\springframework\boot\spring-boot-starter-jersey\3.5.9\spring-boot-starter-jersey-3.5.9.jar;C:\Users\shaym\.m2\repository\org\springframework\boot\spring-boot-starter-validation\3.5.9\spring-boot-starter-validation-3.5.9.jar;C:\Users\shaym\.m2\repository\org\hibernate\validator\hibernate-validator\8.0.3.Final\hibernate-validator-8.0.3.Final.jar;C:\Users\shaym\.m2\repository\org\glassfish\jersey\containers\jersey-container-servlet-core\3.1.11\jersey-container-servlet-core-3.1.11.jar;C:\Users\shaym\.m2\repository\org\glassfish\jersey\core\jersey-common\3.1.11\jersey-common-3.1.11.jar;C:\Users\shaym\.m2\repository\org\glassfish\hk2\osgi-resource-locator\1.0.3\osgi-resource-locator-1.0.3.jar;C:\Users\shaym\.m2\repository\jakarta\ws\rs\jakarta.ws.rs-api\3.1.0\jakarta.ws.rs-api-3.1.0.jar;C:\Users\shaym\.m2\repository\org\glassfish\jersey\containers\jersey-container-servlet\3.1.11\jersey-container-servlet-3.1.11.jar;C:\Users\shaym\.m2\repository\org\glassfish\jersey\core\jersey-server\3.1.11\jersey-server-3.1.11.jar;C:\Users\shaym\.m2\repository\org\glassfish\jersey\core\jersey-client\3.1.11\jersey-client-3.1.11.jar;C:\Users\shaym\.m2\repository\jakarta\validation\jakarta.validation-api\3.0.2\jakarta.validation-api-3.0.2.jar;C:\Users\shaym\.m2\repository\org\glassfish\jersey\ext\jersey-bean-validation\3.1.11\jersey-bean-validation-3.1.11.jar;C:\Users\shaym\.m2\repository\org\glassfish\expressly\expressly\5.0.0\expressly-5.0.0.jar;C:\Users\shaym\.m2\repository\org\glassfish\jersey\ext\jersey-spring6\3.1.11\jersey-spring6-3.1.11.jar;C:\Users\shaym\.m2\repository\org\glassfish\jersey\inject\jersey-hk2\3.1.11\jersey-hk2-3.1.11.jar;C:\Users\shaym\.m2\repository\org\glassfish\hk2\hk2-locator\3.0.6\hk2-locator-3.0.6.jar;C:\Users\shaym\.m2\repository\org\glassfish\hk2\external\aopalliance-repackaged\3.0.6\aopalliance-repackaged-3.0.6.jar;C:\Users\shaym\.m2\repository\org\javassist\javassist\3.30.2-GA\javassist-3.30.2-GA.jar;C:\Users\shaym\.m2\repository\org\glassfish\hk2\hk2\3.0.6\hk2-3.0.6.jar;C:\Users\shaym\.m2\repository\org\glassfish\hk2\hk2-utils\3.0.6\hk2-utils-3.0.6.jar;C:\Users\shaym\.m2\repository\org\glassfish\hk2\hk2-api\3.0.6\hk2-api-3.0.6.jar;C:\Users\shaym\.m2\repository\org\glassfish\hk2\hk2-core\3.0.6\hk2-core-3.0.6.jar;C:\Users\shaym\.m2\repository\org\glassfish\hk2\hk2-runlevel\3.0.6\hk2-runlevel-3.0.6.jar;C:\Users\shaym\.m2\repository\org\glassfish\hk2\class-model\3.0.6\class-model-3.0.6.jar;C:\Users\shaym\.m2\repository\org\ow2\asm\asm-commons\9.6\asm-commons-9.6.jar;C:\Users\shaym\.m2\repository\org\glassfish\hk2\spring-bridge\3.0.6\spring-bridge-3.0.6.jar;C:\Users\shaym\.m2\repository\org\glassfish\jersey\media\jersey-media-json-jackson\3.1.11\jersey-media-json-jackson-3.1.11.jar;C:\Users\shaym\.m2\repository\org\glassfish\jersey\ext\jersey-entity-filtering\3.1.11\jersey-entity-filtering-3.1.11.jar;C:\Users\shaym\.m2\repository\org\springframework\kafka\spring-kafka\3.3.11\spring-kafka-3.3.11.jar;C:\Users\shaym\.m2\repository\org\springframework\spring-context\6.2.15\spring-context-6.2.15.jar;C:\Users\shaym\.m2\repository\org\springframework\spring-aop\6.2.15\spring-aop-6.2.15.jar;C:\Users\shaym\.m2\repository\org\springframework\spring-beans\6.2.15\spring-beans-6.2.15.jar;C:\Users\shaym\.m2\repository\org\springframework\spring-expression\6.2.15\spring-expression-6.2.15.jar;C:\Users\shaym\.m2\repository\org\springframework\spring-messaging\6.2.15\spring-messaging-6.2.15.jar;C:\Users\shaym\.m2\repository\org\springframework\spring-tx\6.2.15\spring-tx-6.2.15.jar;C:\Users\shaym\.m2\repository\org\springframework\retry\spring-retry\2.0.12\spring-retry-2.0.12.jar;C:\Users\shaym\.m2\repository\org\apache\kafka\kafka-clients\3.9.1\kafka-clients-3.9.1.jar;C:\Users\shaym\.m2\repository\com\github\luben\zstd-jni\1.5.6-4\zstd-jni-1.5.6-4.jar;C:\Users\shaym\.m2\repository\org\lz4\lz4-java\1.8.0\lz4-java-1.8.0.jar;C:\Users\shaym\.m2\repository\org\xerial\snappy\snappy-java\1.1.10.5\snappy-java-1.1.10.5.jar;C:\Users\shaym\.m2\repository\org\slf4j\slf4j-api\2.0.17\slf4j-api-2.0.17.jar;C:\Users\shaym\.m2\repository\io\micrometer\micrometer-observation\1.15.7\micrometer-observation-1.15.7.jar;C:\Users\shaym\.m2\repository\io\micrometer\micrometer-commons\1.15.7\micrometer-commons-1.15.7.jar;C:\Users\shaym\.m2\repository\org\springframework\boot\spring-boot-starter-data-jpa\3.5.9\spring-boot-starter-data-jpa-3.5.9.jar;C:\Users\shaym\.m2\repository\org\springframework\boot\spring-boot-starter\3.5.9\spring-boot-starter-3.5.9.jar;C:\Users\shaym\.m2\repository\org\springframework\boot\spring-boot\3.5.9\spring-boot-3.5.9.jar;C:\Users\shaym\.m2\repository\org\springframework\boot\spring-boot-starter-logging\3.5.9\spring-boot-starter-logging-3.5.9.jar;C:\Users\shaym\.m2\repository\org\apache\logging\log4j\log4j-to-slf4j\2.24.3\log4j-to-slf4j-2.24.3.jar;C:\Users\shaym\.m2\repository\org\apache\logging\log4j\log4j-api\2.24.3\log4j-api-2.24.3.jar;C:\Users\shaym\.m2\repository\org\slf4j\jul-to-slf4j\2.0.17\jul-to-slf4j-2.0.17.jar;C:\Users\shaym\.m2\repository\jakarta\annotation\jakarta.annotation-api\2.1.1\jakarta.annotation-api-2.1.1.jar;C:\Users\shaym\.m2\repository\org\yaml\snakeyaml\2.4\snakeyaml-2.4.jar;C:\Users\shaym\.m2\repository\org\springframework\boot\spring-boot-starter-jdbc\3.5.9\spring-boot-starter-jdbc-3.5.9.jar;C:\Users\shaym\.m2\repository\com\zaxxer\HikariCP\6.3.3\HikariCP-6.3.3.jar;C:\Users\shaym\.m2\repository\org\hibernate\orm\hibernate-core\6.6.39.Final\hibernate-core-6.6.39.Final.jar;C:\Users\shaym\.m2\repository\jakarta\persistence\jakarta.persistence-api\3.1.0\jakarta.persistence-api-3.1.0.jar;C:\Users\shaym\.m2\repository\jakarta\transaction\jakarta.transaction-api\2.0.1\jakarta.transaction-api-2.0.1.jar;C:\Users\shaym\.m2\repository\org\jboss\logging\jboss-logging\3.6.1.Final\jboss-logging-3.6.1.Final.jar;C:\Users\shaym\.m2\repository\org\hibernate\common\hibernate-commons-annotations\7.0.3.Final\hibernate-commons-annotations-7.0.3.Final.jar;C:\Users\shaym\.m2\repository\io\smallrye\jandex\3.2.0\jandex-3.2.0.jar;C:\Users\shaym\.m2\repository\com\fasterxml\classmate\1.7.1\classmate-1.7.1.jar;C:\Users\shaym\.m2\repository\net\bytebuddy\byte-buddy\1.17.8\byte-buddy-1.17.8.jar;C:\Users\shaym\.m2\repository\org\glassfish\jaxb\jaxb-runtime\4.0.6\jaxb-runtime-4.0.6.jar;C:\Users\shaym\.m2\repository\org\glassfish\jaxb\jaxb-core\4.0.6\jaxb-core-4.0.6.jar;C:\Users\shaym\.m2\repository\org\glassfish\jaxb\txw2\4.0.6\txw2-4.0.6.jar;C:\Users\shaym\.m2\repository\com\sun\istack\istack-commons-runtime\4.1.2\istack-commons-runtime-4.1.2.jar;C:\Users\shaym\.m2\repository\jakarta\inject\jakarta.inject-api\2.0.1\jakarta.inject-api-2.0.1.jar;C:\Users\shaym\.m2\repository\org\antlr\antlr4-runtime\4.13.0\antlr4-runtime-4.13.0.jar;C:\Users\shaym\.m2\repository\org\springframework\data\spring-data-jpa\3.5.7\spring-data-jpa-3.5.7.jar;C:\Users\shaym\.m2\repository\org\springframework\data\spring-data-commons\3.5.7\spring-data-commons-3.5.7.jar;C:\Users\shaym\.m2\repository\org\springframework\spring-aspects\6.2.15\spring-aspects-6.2.15.jar;C:\Users\shaym\.m2\repository\org\aspectj\aspectjweaver\1.9.25.1\aspectjweaver-1.9.25.1.jar;C:\Users\shaym\.m2\repository\com\h2database\h2\2.3.232\h2-2.3.232.jar;C:\Users\shaym\.m2\repository\org\springframework\boot\spring-boot-starter-web\3.5.9\spring-boot-starter-web-3.5.9.jar;C:\Users\shaym\.m2\repository\org\springframework\boot\spring-boot-starter-json\3.5.9\spring-boot-starter-json-3.5.9.jar;C:\Users\shaym\.m2\repository\com\fasterxml\jackson\datatype\jackson-datatype-jdk8\2.19.4\jackson-datatype-jdk8-2.19.4.jar;C:\Users\shaym\.m2\repository\com\fasterxml\jackson\module\jackson-module-parameter-names\2.19.4\jackson-module-parameter-names-2.19.4.jar;C:\Users\shaym\.m2\repository\org\springframework\boot\spring-boot-starter-tomcat\3.5.9\spring-boot-starter-tomcat-3.5.9.jar;C:\Users\shaym\.m2\repository\org\apache\tomcat\embed\tomcat-embed-core\10.1.50\tomcat-embed-core-10.1.50.jar;C:\Users\shaym\.m2\repository\org\apache\tomcat\embed\tomcat-embed-el\10.1.50\tomcat-embed-el-10.1.50.jar;C:\Users\shaym\.m2\repository\org\apache\tomcat\embed\tomcat-embed-websocket\10.1.50\tomcat-embed-websocket-10.1.50.jar;C:\Users\shaym\.m2\repository\org\springframework\spring-web\6.2.15\spring-web-6.2.15.jar;C:\Users\shaym\.m2\repository\org\springframework\spring-webmvc\6.2.15\spring-webmvc-6.2.15.jar;C:\Users\shaym\.m2\repository\org\springframework\kafka\spring-kafka-test\3.3.11\spring-kafka-test-3.3.11.jar;C:\Users\shaym\.m2\repository\org\springframework\spring-test\6.2.15\spring-test-6.2.15.jar;C:\Users\shaym\.m2\repository\org\apache\zookeeper\zookeeper\3.8.5\zookeeper-3.8.5.jar;C:\Users\shaym\.m2\repository\org\apache\zookeeper\zookeeper-jute\3.8.5\zookeeper-jute-3.8.5.jar;C:\Users\shaym\.m2\repository\org\apache\yetus\audience-annotations\0.12.0\audience-annotations-0.12.0.jar;C:\Users\shaym\.m2\repository\io\netty\netty-handler\4.1.130.Final\netty-handler-4.1.130.Final.jar;C:\Users\shaym\.m2\repository\io\netty\netty-common\4.1.130.Final\netty-common-4.1.130.Final.jar;C:\Users\shaym\.m2\repository\io\netty\netty-resolver\4.1.130.Final\netty-resolver-4.1.130.Final.jar;C:\Users\shaym\.m2\repository\io\netty\netty-buffer\4.1.130.Final\netty-buffer-4.1.130.Final.jar;C:\Users\shaym\.m2\repository\io\netty\netty-transport\4.1.130.Final\netty-transport-4.1.130.Final.jar;C:\Users\shaym\.m2\repository\io\netty\netty-transport-native-unix-common\4.1.130.Final\netty-transport-native-unix-common-4.1.130.Final.jar;C:\Users\shaym\.m2\repository\io\netty\netty-codec\4.1.130.Final\netty-codec-4.1.130.Final.jar;C:\Users\shaym\.m2\repository\io\netty\netty-transport-native-epoll\4.1.130.Final\netty-transport-native-epoll-4.1.130.Final.jar;C:\Users\shaym\.m2\repository\io\netty\netty-transport-classes-epoll\4.1.130.Final\netty-transport-classes-epoll-4.1.130.Final.jar;C:\Users\shaym\.m2\repository\ch\qos\logback\logback-core\1.5.22\logback-core-1.5.22.jar;C:\Users\shaym\.m2\repository\ch\qos\logback\logback-classic\1.5.22\logback-classic-1.5.22.jar;C:\Users\shaym\.m2\repository\org\apache\kafka\kafka-clients\3.9.1\kafka-clients-3.9.1-test.jar;C:\Users\shaym\.m2\repository\org\apache\kafka\kafka-server\3.9.1\kafka-server-3.9.1.jar;C:\Users\shaym\.m2\repository\org\apache\kafka\kafka-storage\3.9.1\kafka-storage-3.9.1.jar;C:\Users\shaym\.m2\repository\com\github\ben-manes\caffeine\caffeine\3.2.3\caffeine-3.2.3.jar;C:\Users\shaym\.m2\repository\org\jspecify\jspecify\1.0.0\jspecify-1.0.0.jar;C:\Users\shaym\.m2\repository\com\google\errorprone\error_prone_annotations\2.43.0\error_prone_annotations-2.43.0.jar;C:\Users\shaym\.m2\repository\org\apache\kafka\kafka-group-coordinator\3.9.1\kafka-group-coordinator-3.9.1.jar;C:\Users\shaym\.m2\repository\org\apache\kafka\kafka-transaction-coordinator\3.9.1\kafka-transaction-coordinator-3.9.1.jar;C:\Users\shaym\.m2\repository\org\apache\kafka\kafka-raft\3.9.1\kafka-raft-3.9.1.jar;C:\Users\shaym\.m2\repository\com\yammer\metrics\metrics-core\2.2.0\metrics-core-2.2.0.jar;C:\Users\shaym\.m2\repository\org\apache\kafka\kafka-metadata\3.9.1\kafka-metadata-3.9.1.jar;C:\Users\shaym\.m2\repository\org\apache\kafka\kafka-server-common\3.9.1\kafka-server-common-3.9.1.jar;C:\Users\shaym\.m2\repository\net\sf\jopt-simple\jopt-simple\5.0.4\jopt-simple-5.0.4.jar;C:\Users\shaym\.m2\repository\org\pcollections\pcollections\4.0.1\pcollections-4.0.1.jar;C:\Users\shaym\.m2\repository\org\apache\kafka\kafka-server-common\3.9.1\kafka-server-common-3.9.1-test.jar;C:\Users\shaym\.m2\repository\org\apache\kafka\kafka-streams-test-utils\3.9.1\kafka-streams-test-utils-3.9.1.jar;C:\Users\shaym\.m2\repository\org\apache\kafka\kafka-streams\3.9.1\kafka-streams-3.9.1.jar;C:\Users\shaym\.m2\repository\org\rocksdb\rocksdbjni\7.9.2\rocksdbjni-7.9.2.jar;C:\Users\shaym\.m2\repository\org\apache\kafka\kafka_2.13\3.9.1\kafka_2.13-3.9.1.jar;C:\Users\shaym\.m2\repository\org\scala-lang\scala-library\2.13.15\scala-library-2.13.15.jar;C:\Users\shaym\.m2\repository\org\apache\kafka\kafka-group-coordinator-api\3.9.1\kafka-group-coordinator-api-3.9.1.jar;C:\Users\shaym\.m2\repository\org\apache\kafka\kafka-storage-api\3.9.1\kafka-storage-api-3.9.1.jar;C:\Users\shaym\.m2\repository\org\apache\kafka\kafka-tools-api\3.9.1\kafka-tools-api-3.9.1.jar;C:\Users\shaym\.m2\repository\net\sourceforge\argparse4j\argparse4j\0.7.0\argparse4j-0.7.0.jar;C:\Users\shaym\.m2\repository\commons-validator\commons-validator\1.7\commons-validator-1.7.jar;C:\Users\shaym\.m2\repository\commons-beanutils\commons-beanutils\1.9.4\commons-beanutils-1.9.4.jar;C:\Users\shaym\.m2\repository\commons-digester\commons-digester\2.1\commons-digester-2.1.jar;C:\Users\shaym\.m2\repository\commons-collections\commons-collections\3.2.2\commons-collections-3.2.2.jar;C:\Users\shaym\.m2\repository\com\fasterxml\jackson\module\jackson-module-scala_2.13\2.19.4\jackson-module-scala_2.13-2.19.4.jar;C:\Users\shaym\.m2\repository\com\thoughtworks\paranamer\paranamer\2.8.3\paranamer-2.8.3.jar;C:\Users\shaym\.m2\repository\com\fasterxml\jackson\dataformat\jackson-dataformat-csv\2.19.4\jackson-dataformat-csv-2.19.4.jar;C:\Users\shaym\.m2\repository\org\bitbucket\b_c\jose4j\0.9.4\jose4j-0.9.4.jar;C:\Users\shaym\.m2\repository\org\scala-lang\modules\scala-collection-compat_2.13\2.10.0\scala-collection-compat_2.13-2.10.0.jar;C:\Users\shaym\.m2\repository\org\scala-lang\modules\scala-java8-compat_2.13\1.0.2\scala-java8-compat_2.13-1.0.2.jar;C:\Users\shaym\.m2\repository\org\scala-lang\scala-reflect\2.13.15\scala-reflect-2.13.15.jar;C:\Users\shaym\.m2\repository\com\typesafe\scala-logging\scala-logging_2.13\3.9.5\scala-logging_2.13-3.9.5.jar;C:\Users\shaym\.m2\repository\io\dropwizard\metrics\metrics-core\4.1.12.1\metrics-core-4.1.12.1.jar;C:\Users\shaym\.m2\repository\commons-cli\commons-cli\1.4\commons-cli-1.4.jar;C:\Users\shaym\.m2\repository\org\apache\kafka\kafka_2.13\3.9.1\kafka_2.13-3.9.1-test.jar;C:\Users\shaym\.m2\repository\org\junit\jupiter\junit-jupiter-api\5.12.2\junit-jupiter-api-5.12.2.jar;C:\Users\shaym\.m2\repository\org\opentest4j\opentest4j\1.3.0\opentest4j-1.3.0.jar;C:\Users\shaym\.m2\repository\org\junit\platform\junit-platform-commons\1.12.2\junit-platform-commons-1.12.2.jar;C:\Users\shaym\.m2\repository\org\apiguardian\apiguardian-api\1.1.2\apiguardian-api-1.1.2.jar;C:\Users\shaym\.m2\repository\org\junit\platform\junit-platform-launcher\1.12.2\junit-platform-launcher-1.12.2.jar;C:\Users\shaym\.m2\repository\org\junit\platform\junit-platform-engine\1.12.2\junit-platform-engine-1.12.2.jar;C:\Users\shaym\.m2\repository\org\springframework\boot\spring-boot-starter-test\3.5.9\spring-boot-starter-test-3.5.9.jar;C:\Users\shaym\.m2\repository\org\springframework\boot\spring-boot-test\3.5.9\spring-boot-test-3.5.9.jar;C:\Users\shaym\.m2\repository\org\springframework\boot\spring-boot-test-autoconfigure\3.5.9\spring-boot-test-autoconfigure-3.5.9.jar;C:\Users\shaym\.m2\repository\com\jayway\jsonpath\json-path\2.9.0\json-path-2.9.0.jar;C:\Users\shaym\.m2\repository\jakarta\xml\bind\jakarta.xml.bind-api\4.0.4\jakarta.xml.bind-api-4.0.4.jar;C:\Users\shaym\.m2\repository\jakarta\activation\jakarta.activation-api\2.1.4\jakarta.activation-api-2.1.4.jar;C:\Users\shaym\.m2\repository\net\minidev\json-smart\2.5.2\json-smart-2.5.2.jar;C:\Users\shaym\.m2\repository\net\minidev\accessors-smart\2.5.2\accessors-smart-2.5.2.jar;C:\Users\shaym\.m2\repository\org\ow2\asm\asm\9.7.1\asm-9.7.1.jar;C:\Users\shaym\.m2\repository\org\assertj\assertj-core\3.27.6\assertj-core-3.27.6.jar;C:\Users\shaym\.m2\repository\org\awaitility\awaitility\4.2.2\awaitility-4.2.2.jar;C:\Users\shaym\.m2\repository\org\hamcrest\hamcrest\3.0\hamcrest-3.0.jar;C:\Users\shaym\.m2\repository\org\junit\jupiter\junit-jupiter\5.12.2\junit-jupiter-5.12.2.jar;C:\Users\shaym\.m2\repository\org\junit\jupiter\junit-jupiter-params\5.12.2\junit-jupiter-params-5.12.2.jar;C:\Users\shaym\.m2\repository\org\junit\jupiter\junit-jupiter-engine\5.12.2\junit-jupiter-engine-5.12.2.jar;C:\Users\shaym\.m2\repository\org\mockito\mockito-core\5.17.0\mockito-core-5.17.0.jar;C:\Users\shaym\.m2\repository\net\bytebuddy\byte-buddy-agent\1.17.8\byte-buddy-agent-1.17.8.jar;C:\Users\shaym\.m2\repository\org\objenesis\objenesis\3.3\objenesis-3.3.jar;C:\Users\shaym\.m2\repository\org\mockito\mockito-junit-jupiter\5.17.0\mockito-junit-jupiter-5.17.0.jar;C:\Users\shaym\.m2\repository\org\skyscreamer\jsonassert\1.5.3\jsonassert-1.5.3.jar;C:\Users\shaym\.m2\repository\com\vaadin\external\google\android-json\0.0.20131108.vaadin1\android-json-0.0.20131108.vaadin1.jar;C:\Users\shaym\.m2\repository\org\springframework\spring-core\6.2.15\spring-core-6.2.15.jar;C:\Users\shaym\.m2\repository\org\springframework\spring-jcl\6.2.15\spring-jcl-6.2.15.jar;C:\Users\shaym\.m2\repository\org\xmlunit\xmlunit-core\2.10.4\xmlunit-core-2.10.4.jar;
2026-03-16T09:40:19.879+01:00  INFO 15456 --- [           main] o.a.zookeeper.server.ZooKeeperServer     : Server environment:java.library.path=C:\Program Files\Java\jdk-25\bin;C:\windows\Sun\Java\bin;C:\windows\system32;C:\windows;C:\Program Files\Common Files\Oracle\Java\javapath;C:\Python314\Scripts\;C:\Python314\;C:\windows\system32;C:\windows;C:\windows\System32\Wbem;C:\windows\System32\WindowsPowerShell\v1.0\;C:\windows\System32\OpenSSH\;C:\Program Files (x86)\NVIDIA Corporation\PhysX\Common;C:\Program Files\NVIDIA Corporation\NVIDIA NvDLISR;C:\Users\Administrator\AppData\Local\Microsoft\WindowsApps;C:\Program Files\HP\OMEN-Broadcast\Common;C:\Program Files\Docker\Docker\resources\bin;C:\ProgramData\chocolatey\bin;C:\Users\shaym\AppData\Local\nvm;C:\nvm4w\nodejs;C:\Program Files\Git\cmd;C:\Users\shaym\Downloads\apache-maven-3.9.11-bin\apache-maven-3.9.11;C:\Users\shaym\AppData\Local\Microsoft\WindowsApps;C:\Users\shaym\AppData\Local\Programs\IntelliJ IDEA 2025.2.5\bin;C:\Users\shaym\AppData\Local\Programs\Microsoft VS Code\bin;C:\Users\shaym\AppData\Roaming\npm;C:\Users\shaym\AppData\Local\nvm;C:\nvm4w\nodejs;C:\Users\shaym\Downloads\apache-maven-3.9.11-bin\apache-maven-3.9.11\bin;C:\Users\shaym\AppData\Local\Microsoft\WinGet\Packages\Anthropic.ClaudeCode_Microsoft.Winget.Source_8wekyb3d8bbwe;;.
2026-03-16T09:40:19.879+01:00  INFO 15456 --- [           main] o.a.zookeeper.server.ZooKeeperServer     : Server environment:java.io.tmpdir=C:\Users\shaym\AppData\Local\Temp\
2026-03-16T09:40:19.879+01:00  INFO 15456 --- [           main] o.a.zookeeper.server.ZooKeeperServer     : Server environment:java.compiler=<NA>
2026-03-16T09:40:19.879+01:00  INFO 15456 --- [           main] o.a.zookeeper.server.ZooKeeperServer     : Server environment:os.name=Windows 11
2026-03-16T09:40:19.879+01:00  INFO 15456 --- [           main] o.a.zookeeper.server.ZooKeeperServer     : Server environment:os.arch=amd64
2026-03-16T09:40:19.879+01:00  INFO 15456 --- [           main] o.a.zookeeper.server.ZooKeeperServer     : Server environment:os.version=10.0
2026-03-16T09:40:19.879+01:00  INFO 15456 --- [           main] o.a.zookeeper.server.ZooKeeperServer     : Server environment:user.name=shaym
2026-03-16T09:40:19.879+01:00  INFO 15456 --- [           main] o.a.zookeeper.server.ZooKeeperServer     : Server environment:user.home=C:\Users\shaym
2026-03-16T09:40:19.879+01:00  INFO 15456 --- [           main] o.a.zookeeper.server.ZooKeeperServer     : Server environment:user.dir=C:\Dev\CodeOnce\Git\OrqueIO\example-travel-saga\travel-service
2026-03-16T09:40:19.879+01:00  INFO 15456 --- [           main] o.a.zookeeper.server.ZooKeeperServer     : Server environment:os.memory.free=68MB
2026-03-16T09:40:19.879+01:00  INFO 15456 --- [           main] o.a.zookeeper.server.ZooKeeperServer     : Server environment:os.memory.max=8100MB
2026-03-16T09:40:19.879+01:00  INFO 15456 --- [           main] o.a.zookeeper.server.ZooKeeperServer     : Server environment:os.memory.total=96MB
2026-03-16T09:40:19.880+01:00  INFO 15456 --- [           main] o.a.zookeeper.server.ZooKeeperServer     : zookeeper.enableEagerACLCheck = false
2026-03-16T09:40:19.880+01:00  INFO 15456 --- [           main] o.a.zookeeper.server.ZooKeeperServer     : zookeeper.digest.enabled = true
2026-03-16T09:40:19.881+01:00  INFO 15456 --- [           main] o.a.zookeeper.server.ZooKeeperServer     : zookeeper.closeSessionTxn.enabled = true
2026-03-16T09:40:19.881+01:00  INFO 15456 --- [           main] o.a.zookeeper.server.ZooKeeperServer     : zookeeper.flushDelay = 0 ms
2026-03-16T09:40:19.881+01:00  INFO 15456 --- [           main] o.a.zookeeper.server.ZooKeeperServer     : zookeeper.maxWriteQueuePollTime = 0 ms
2026-03-16T09:40:19.881+01:00  INFO 15456 --- [           main] o.a.zookeeper.server.ZooKeeperServer     : zookeeper.maxBatchSize=1000
2026-03-16T09:40:19.881+01:00  INFO 15456 --- [           main] o.a.zookeeper.server.ZooKeeperServer     : zookeeper.intBufferStartingSizeBytes = 1024
2026-03-16T09:40:19.882+01:00  INFO 15456 --- [           main] o.a.z.server.persistence.FileTxnSnapLog  : zookeeper.snapshot.trust.empty : false
2026-03-16T09:40:19.894+01:00  INFO 15456 --- [           main] o.a.z.server.watch.WatchManagerFactory   : Using org.apache.zookeeper.server.watch.WatchManager as watch manager
2026-03-16T09:40:19.895+01:00  INFO 15456 --- [           main] o.a.z.server.watch.WatchManagerFactory   : Using org.apache.zookeeper.server.watch.WatchManager as watch manager
2026-03-16T09:40:19.895+01:00  INFO 15456 --- [           main] org.apache.zookeeper.server.ZKDatabase   : zookeeper.snapshotSizeFactor = 0.33
2026-03-16T09:40:19.895+01:00  INFO 15456 --- [           main] org.apache.zookeeper.server.ZKDatabase   : zookeeper.commitLogCount=500
2026-03-16T09:40:19.897+01:00  INFO 15456 --- [           main] o.apache.zookeeper.server.BlueThrottle   : Weighed connection throttling is disabled
2026-03-16T09:40:19.900+01:00  INFO 15456 --- [           main] o.a.zookeeper.server.ZooKeeperServer     : minSessionTimeout set to 1600 ms
2026-03-16T09:40:19.901+01:00  INFO 15456 --- [           main] o.a.zookeeper.server.ZooKeeperServer     : maxSessionTimeout set to 16000 ms
2026-03-16T09:40:19.902+01:00  INFO 15456 --- [           main] o.apache.zookeeper.server.ResponseCache  : getData response cache size is initialized with value 400.
2026-03-16T09:40:19.902+01:00  INFO 15456 --- [           main] o.apache.zookeeper.server.ResponseCache  : getChildren response cache size is initialized with value 400.
2026-03-16T09:40:19.903+01:00  INFO 15456 --- [           main] o.a.z.s.u.RequestPathMetricsCollector    : zookeeper.pathStats.slotCapacity = 60
2026-03-16T09:40:19.903+01:00  INFO 15456 --- [           main] o.a.z.s.u.RequestPathMetricsCollector    : zookeeper.pathStats.slotDuration = 15
2026-03-16T09:40:19.903+01:00  INFO 15456 --- [           main] o.a.z.s.u.RequestPathMetricsCollector    : zookeeper.pathStats.maxDepth = 6
2026-03-16T09:40:19.903+01:00  INFO 15456 --- [           main] o.a.z.s.u.RequestPathMetricsCollector    : zookeeper.pathStats.initialDelay = 5
2026-03-16T09:40:19.903+01:00  INFO 15456 --- [           main] o.a.z.s.u.RequestPathMetricsCollector    : zookeeper.pathStats.delay = 5
2026-03-16T09:40:19.903+01:00  INFO 15456 --- [           main] o.a.z.s.u.RequestPathMetricsCollector    : zookeeper.pathStats.enabled = false
2026-03-16T09:40:19.905+01:00  INFO 15456 --- [           main] o.a.zookeeper.server.ZooKeeperServer     : The max bytes for all large requests are set to 104857600
2026-03-16T09:40:19.905+01:00  INFO 15456 --- [           main] o.a.zookeeper.server.ZooKeeperServer     : The large request threshold is set to -1
2026-03-16T09:40:19.906+01:00  INFO 15456 --- [           main] o.a.z.server.AuthenticationHelper        : zookeeper.enforce.auth.enabled = false
2026-03-16T09:40:19.906+01:00  INFO 15456 --- [           main] o.a.z.server.AuthenticationHelper        : zookeeper.enforce.auth.schemes = []
2026-03-16T09:40:19.906+01:00  INFO 15456 --- [           main] o.a.zookeeper.server.ZooKeeperServer     : Created server with tickTime 800 ms minSessionTimeout 1600 ms maxSessionTimeout 16000 ms clientPortListenBacklog -1 datadir C:\Users\shaym\AppData\Local\Temp\kafka-8951450222680920882\version-2 snapdir C:\Users\shaym\AppData\Local\Temp\kafka-4722332316228835834\version-2
2026-03-16T09:40:19.911+01:00  WARN 15456 --- [           main] o.a.zookeeper.server.ServerCnxnFactory   : maxCnxns is not configured, using default value 0.
2026-03-16T09:40:19.912+01:00  INFO 15456 --- [           main] o.a.z.server.NIOServerCnxnFactory        : Configuring NIO connection handler with 10s sessionless connection timeout, 2 selector thread(s), 32 worker threads, and 64 kB direct buffers.
2026-03-16T09:40:19.942+01:00  INFO 15456 --- [           main] o.a.z.server.NIOServerCnxnFactory        : binding to port /127.0.0.1:0
2026-03-16T09:40:19.955+01:00  INFO 15456 --- [           main] o.a.z.server.persistence.SnapStream      : zookeeper.snapshot.compression.method = CHECKED
2026-03-16T09:40:19.955+01:00  INFO 15456 --- [           main] o.a.z.server.persistence.FileTxnSnapLog  : Snapshotting: 0x0 to C:\Users\shaym\AppData\Local\Temp\kafka-4722332316228835834\version-2\snapshot.0
2026-03-16T09:40:19.959+01:00  INFO 15456 --- [           main] org.apache.zookeeper.server.ZKDatabase   : Snapshot loaded in 13 ms, highest zxid is 0x0, digest is 1371985504
2026-03-16T09:40:19.960+01:00  INFO 15456 --- [           main] o.a.z.server.persistence.FileTxnSnapLog  : Snapshotting: 0x0 to C:\Users\shaym\AppData\Local\Temp\kafka-4722332316228835834\version-2\snapshot.0
2026-03-16T09:40:19.960+01:00  INFO 15456 --- [           main] o.a.zookeeper.server.ZooKeeperServer     : Snapshot taken in 1 ms
2026-03-16T09:40:19.966+01:00  INFO 15456 --- [           main] o.a.zookeeper.server.RequestThrottler    : zookeeper.request_throttler.shutdownTimeout = 10000 ms
2026-03-16T09:40:19.966+01:00  INFO 15456 --- [0 cport:58726):] o.a.z.server.PrepRequestProcessor        : PrepRequestProcessor (sid:0) started, reconfigEnabled=false
2026-03-16T09:40:20.069+01:00  INFO 15456 --- [           main] kafka.server.KafkaConfig                 : KafkaConfig values: 
	advertised.listeners = null
	alter.config.policy.class.name = null
	alter.log.dirs.replication.quota.window.num = 11
	alter.log.dirs.replication.quota.window.size.seconds = 1
	authorizer.class.name = 
	auto.create.topics.enable = true
	auto.include.jmx.reporter = true
	auto.leader.rebalance.enable = true
	background.threads = 2
	broker.heartbeat.interval.ms = 2000
	broker.id = 0
	broker.id.generation.enable = true
	broker.rack = null
	broker.session.timeout.ms = 9000
	client.quota.callback.class = null
	compression.gzip.level = -1
	compression.lz4.level = 9
	compression.type = producer
	compression.zstd.level = 3
	connection.failed.authentication.delay.ms = 100
	connections.max.idle.ms = 600000
	connections.max.reauth.ms = 0
	control.plane.listener.name = null
	controlled.shutdown.enable = false
	controlled.shutdown.max.retries = 3
	controlled.shutdown.retry.backoff.ms = 100
	controller.listener.names = null
	controller.quorum.append.linger.ms = 25
	controller.quorum.bootstrap.servers = []
	controller.quorum.election.backoff.max.ms = 1000
	controller.quorum.election.timeout.ms = 1000
	controller.quorum.fetch.timeout.ms = 2000
	controller.quorum.request.timeout.ms = 2000
	controller.quorum.retry.backoff.ms = 20
	controller.quorum.voters = []
	controller.quota.window.num = 11
	controller.quota.window.size.seconds = 1
	controller.socket.timeout.ms = 1000
	create.topic.policy.class.name = null
	default.replication.factor = 1
	delegation.token.expiry.check.interval.ms = 3600000
	delegation.token.expiry.time.ms = 86400000
	delegation.token.master.key = null
	delegation.token.max.lifetime.ms = 604800000
	delegation.token.secret.key = null
	delete.records.purgatory.purge.interval.requests = 1
	delete.topic.enable = true
	early.start.listeners = null
	eligible.leader.replicas.enable = false
	fetch.max.bytes = 57671680
	fetch.purgatory.purge.interval.requests = 1000
	group.consumer.assignors = [org.apache.kafka.coordinator.group.assignor.UniformAssignor, org.apache.kafka.coordinator.group.assignor.RangeAssignor]
	group.consumer.heartbeat.interval.ms = 5000
	group.consumer.max.heartbeat.interval.ms = 15000
	group.consumer.max.session.timeout.ms = 60000
	group.consumer.max.size = 2147483647
	group.consumer.migration.policy = disabled
	group.consumer.min.heartbeat.interval.ms = 5000
	group.consumer.min.session.timeout.ms = 45000
	group.consumer.session.timeout.ms = 45000
	group.coordinator.append.linger.ms = 10
	group.coordinator.new.enable = false
	group.coordinator.rebalance.protocols = [classic]
	group.coordinator.threads = 1
	group.initial.rebalance.delay.ms = 0
	group.max.session.timeout.ms = 1800000
	group.max.size = 2147483647
	group.min.session.timeout.ms = 6000
	group.share.delivery.count.limit = 5
	group.share.enable = false
	group.share.heartbeat.interval.ms = 5000
	group.share.max.groups = 10
	group.share.max.heartbeat.interval.ms = 15000
	group.share.max.record.lock.duration.ms = 60000
	group.share.max.session.timeout.ms = 60000
	group.share.max.size = 200
	group.share.min.heartbeat.interval.ms = 5000
	group.share.min.record.lock.duration.ms = 15000
	group.share.min.session.timeout.ms = 45000
	group.share.partition.max.record.locks = 200
	group.share.record.lock.duration.ms = 30000
	group.share.session.timeout.ms = 45000
	initial.broker.registration.timeout.ms = 60000
	inter.broker.listener.name = null
	inter.broker.protocol.version = 3.9-IV0
	kafka.metrics.polling.interval.secs = 10
	kafka.metrics.reporters = []
	leader.imbalance.check.interval.seconds = 300
	leader.imbalance.per.broker.percentage = 10
	listener.security.protocol.map = SASL_SSL:SASL_SSL,PLAINTEXT:PLAINTEXT,SSL:SSL,SASL_PLAINTEXT:SASL_PLAINTEXT
	listeners = PLAINTEXT://localhost:0
	log.cleaner.backoff.ms = 15000
	log.cleaner.dedupe.buffer.size = 2097152
	log.cleaner.delete.retention.ms = 86400000
	log.cleaner.enable = true
	log.cleaner.io.buffer.load.factor = 0.9
	log.cleaner.io.buffer.size = 524288
	log.cleaner.io.max.bytes.per.second = 1.7976931348623157E308
	log.cleaner.max.compaction.lag.ms = 9223372036854775807
	log.cleaner.min.cleanable.ratio = 0.5
	log.cleaner.min.compaction.lag.ms = 0
	log.cleaner.threads = 1
	log.cleanup.policy = [delete]
	log.dir = C:\Users\shaym\AppData\Local\Temp\spring.kafka.32085458-e55e-40aa-9a89-584109c5358714695349235959692961
	log.dir.failure.timeout.ms = 30000
	log.dirs = null
	log.flush.interval.messages = 9223372036854775807
	log.flush.interval.ms = null
	log.flush.offset.checkpoint.interval.ms = 60000
	log.flush.scheduler.interval.ms = 9223372036854775807
	log.flush.start.offset.checkpoint.interval.ms = 60000
	log.index.interval.bytes = 4096
	log.index.size.max.bytes = 10485760
	log.initial.task.delay.ms = 100
	log.local.retention.bytes = -2
	log.local.retention.ms = -2
	log.message.downconversion.enable = true
	log.message.format.version = 3.0-IV1
	log.message.timestamp.after.max.ms = 9223372036854775807
	log.message.timestamp.before.max.ms = 9223372036854775807
	log.message.timestamp.difference.max.ms = 9223372036854775807
	log.message.timestamp.type = CreateTime
	log.preallocate = false
	log.retention.bytes = -1
	log.retention.check.interval.ms = 300000
	log.retention.hours = 168
	log.retention.minutes = null
	log.retention.ms = null
	log.roll.hours = 168
	log.roll.jitter.hours = 0
	log.roll.jitter.ms = null
	log.roll.ms = null
	log.segment.bytes = 1073741824
	log.segment.delete.delay.ms = 1000
	max.connection.creation.rate = 2147483647
	max.connections = 2147483647
	max.connections.per.ip = 2147483647
	max.connections.per.ip.overrides = 
	max.incremental.fetch.session.cache.slots = 1000
	max.request.partition.size.limit = 2000
	message.max.bytes = 1048588
	metadata.log.dir = null
	metadata.log.max.record.bytes.between.snapshots = 20971520
	metadata.log.max.snapshot.interval.ms = 3600000
	metadata.log.segment.bytes = 1073741824
	metadata.log.segment.min.bytes = 8388608
	metadata.log.segment.ms = 604800000
	metadata.max.idle.interval.ms = 500
	metadata.max.retention.bytes = 104857600
	metadata.max.retention.ms = 604800000
	metric.reporters = []
	metrics.num.samples = 2
	metrics.recording.level = INFO
	metrics.sample.window.ms = 30000
	min.insync.replicas = 1
	node.id = 0
	num.io.threads = 8
	num.network.threads = 2
	num.partitions = 1
	num.recovery.threads.per.data.dir = 1
	num.replica.alter.log.dirs.threads = null
	num.replica.fetchers = 1
	offset.metadata.max.bytes = 4096
	offsets.commit.required.acks = -1
	offsets.commit.timeout.ms = 5000
	offsets.load.buffer.size = 5242880
	offsets.retention.check.interval.ms = 600000
	offsets.retention.minutes = 10080
	offsets.topic.compression.codec = 0
	offsets.topic.num.partitions = 5
	offsets.topic.replication.factor = 1
	offsets.topic.segment.bytes = 104857600
	password.encoder.cipher.algorithm = AES/CBC/PKCS5Padding
	password.encoder.iterations = 4096
	password.encoder.key.length = 128
	password.encoder.keyfactory.algorithm = null
	password.encoder.old.secret = null
	password.encoder.secret = null
	principal.builder.class = class org.apache.kafka.common.security.authenticator.DefaultKafkaPrincipalBuilder
	process.roles = []
	producer.id.expiration.check.interval.ms = 600000
	producer.id.expiration.ms = 86400000
	producer.purgatory.purge.interval.requests = 1000
	queued.max.request.bytes = -1
	queued.max.requests = 500
	quota.window.num = 11
	quota.window.size.seconds = 1
	remote.fetch.max.wait.ms = 500
	remote.log.index.file.cache.total.size.bytes = 1073741824
	remote.log.manager.copier.thread.pool.size = -1
	remote.log.manager.copy.max.bytes.per.second = 9223372036854775807
	remote.log.manager.copy.quota.window.num = 11
	remote.log.manager.copy.quota.window.size.seconds = 1
	remote.log.manager.expiration.thread.pool.size = -1
	remote.log.manager.fetch.max.bytes.per.second = 9223372036854775807
	remote.log.manager.fetch.quota.window.num = 11
	remote.log.manager.fetch.quota.window.size.seconds = 1
	remote.log.manager.task.interval.ms = 30000
	remote.log.manager.task.retry.backoff.max.ms = 30000
	remote.log.manager.task.retry.backoff.ms = 500
	remote.log.manager.task.retry.jitter = 0.2
	remote.log.manager.thread.pool.size = 10
	remote.log.metadata.custom.metadata.max.bytes = 128
	remote.log.metadata.manager.class.name = org.apache.kafka.server.log.remote.metadata.storage.TopicBasedRemoteLogMetadataManager
	remote.log.metadata.manager.class.path = null
	remote.log.metadata.manager.impl.prefix = rlmm.config.
	remote.log.metadata.manager.listener.name = null
	remote.log.reader.max.pending.tasks = 100
	remote.log.reader.threads = 10
	remote.log.storage.manager.class.name = null
	remote.log.storage.manager.class.path = null
	remote.log.storage.manager.impl.prefix = rsm.config.
	remote.log.storage.system.enable = false
	replica.fetch.backoff.ms = 1000
	replica.fetch.max.bytes = 1048576
	replica.fetch.min.bytes = 1
	replica.fetch.response.max.bytes = 10485760
	replica.fetch.wait.max.ms = 500
	replica.high.watermark.checkpoint.interval.ms = 9223372036854775807
	replica.lag.time.max.ms = 30000
	replica.selector.class = null
	replica.socket.receive.buffer.bytes = 65536
	replica.socket.timeout.ms = 1000
	replication.quota.window.num = 11
	replication.quota.window.size.seconds = 1
	request.timeout.ms = 30000
	reserved.broker.max.id = 1000
	sasl.client.callback.handler.class = null
	sasl.enabled.mechanisms = [GSSAPI]
	sasl.jaas.config = null
	sasl.kerberos.kinit.cmd = /usr/bin/kinit
	sasl.kerberos.min.time.before.relogin = 60000
	sasl.kerberos.principal.to.local.rules = [DEFAULT]
	sasl.kerberos.service.name = null
	sasl.kerberos.ticket.renew.jitter = 0.05
	sasl.kerberos.ticket.renew.window.factor = 0.8
	sasl.login.callback.handler.class = null
	sasl.login.class = null
	sasl.login.connect.timeout.ms = null
	sasl.login.read.timeout.ms = null
	sasl.login.refresh.buffer.seconds = 300
	sasl.login.refresh.min.period.seconds = 60
	sasl.login.refresh.window.factor = 0.8
	sasl.login.refresh.window.jitter = 0.05
	sasl.login.retry.backoff.max.ms = 10000
	sasl.login.retry.backoff.ms = 100
	sasl.mechanism.controller.protocol = GSSAPI
	sasl.mechanism.inter.broker.protocol = GSSAPI
	sasl.oauthbearer.clock.skew.seconds = 30
	sasl.oauthbearer.expected.audience = null
	sasl.oauthbearer.expected.issuer = null
	sasl.oauthbearer.jwks.endpoint.refresh.ms = 3600000
	sasl.oauthbearer.jwks.endpoint.retry.backoff.max.ms = 10000
	sasl.oauthbearer.jwks.endpoint.retry.backoff.ms = 100
	sasl.oauthbearer.jwks.endpoint.url = null
	sasl.oauthbearer.scope.claim.name = scope
	sasl.oauthbearer.sub.claim.name = sub
	sasl.oauthbearer.token.endpoint.url = null
	sasl.server.callback.handler.class = null
	sasl.server.max.receive.size = 524288
	security.inter.broker.protocol = PLAINTEXT
	security.providers = null
	server.max.startup.time.ms = 9223372036854775807
	socket.connection.setup.timeout.max.ms = 30000
	socket.connection.setup.timeout.ms = 10000
	socket.listen.backlog.size = 50
	socket.receive.buffer.bytes = 102400
	socket.request.max.bytes = 104857600
	socket.send.buffer.bytes = 102400
	ssl.allow.dn.changes = false
	ssl.allow.san.changes = false
	ssl.cipher.suites = []
	ssl.client.auth = none
	ssl.enabled.protocols = [TLSv1.2, TLSv1.3]
	ssl.endpoint.identification.algorithm = https
	ssl.engine.factory.class = null
	ssl.key.password = null
	ssl.keymanager.algorithm = SunX509
	ssl.keystore.certificate.chain = null
	ssl.keystore.key = null
	ssl.keystore.location = null
	ssl.keystore.password = null
	ssl.keystore.type = JKS
	ssl.principal.mapping.rules = DEFAULT
	ssl.protocol = TLSv1.3
	ssl.provider = null
	ssl.secure.random.implementation = null
	ssl.trustmanager.algorithm = PKIX
	ssl.truststore.certificates = null
	ssl.truststore.location = null
	ssl.truststore.password = null
	ssl.truststore.type = JKS
	telemetry.max.bytes = 1048576
	transaction.abort.timed.out.transaction.cleanup.interval.ms = 10000
	transaction.max.timeout.ms = 900000
	transaction.partition.verification.enable = true
	transaction.remove.expired.transaction.cleanup.interval.ms = 3600000
	transaction.state.log.load.buffer.size = 5242880
	transaction.state.log.min.isr = 2
	transaction.state.log.num.partitions = 50
	transaction.state.log.replication.factor = 1
	transaction.state.log.segment.bytes = 104857600
	transactional.id.expiration.ms = 604800000
	unclean.leader.election.enable = false
	unclean.leader.election.interval.ms = 300000
	unstable.api.versions.enable = true
	unstable.feature.versions.enable = true
	zookeeper.clientCnxnSocket = null
	zookeeper.connect = 127.0.0.1:58726
	zookeeper.connection.timeout.ms = 10000
	zookeeper.max.in.flight.requests = 10
	zookeeper.metadata.migration.enable = false
	zookeeper.metadata.migration.min.batch.size = 200
	zookeeper.session.timeout.ms = 18000
	zookeeper.set.acl = false
	zookeeper.ssl.cipher.suites = null
	zookeeper.ssl.client.enable = false
	zookeeper.ssl.crl.enable = false
	zookeeper.ssl.enabled.protocols = null
	zookeeper.ssl.endpoint.identification.algorithm = HTTPS
	zookeeper.ssl.keystore.location = null
	zookeeper.ssl.keystore.password = null
	zookeeper.ssl.keystore.type = null
	zookeeper.ssl.ocsp.enable = false
	zookeeper.ssl.protocol = TLSv1.2
	zookeeper.ssl.truststore.location = null
	zookeeper.ssl.truststore.password = null
	zookeeper.ssl.truststore.type = null

2026-03-16T09:40:20.090+01:00  INFO 15456 --- [           main] org.apache.zookeeper.common.X509Util     : Setting -D jdk.tls.rejectClientInitiatedRenegotiation=true to disable client-initiated TLS renegotiation
2026-03-16T09:40:20.149+01:00  INFO 15456 --- [           main] kafka.server.KafkaServer                 : starting
2026-03-16T09:40:20.150+01:00  INFO 15456 --- [           main] kafka.server.KafkaServer                 : Connecting to zookeeper on 127.0.0.1:58726
2026-03-16T09:40:20.167+01:00  INFO 15456 --- [           main] kafka.zookeeper.ZooKeeperClient          : [ZooKeeperClient Kafka server] Initializing a new session to 127.0.0.1:58726.
2026-03-16T09:40:20.169+01:00  INFO 15456 --- [           main] org.apache.zookeeper.ZooKeeper           : Client environment:zookeeper.version=3.8.5-19f1842d4b6ee1f82cc8b05284959b26c6ae507d, built on 2025-09-03 21:35 UTC
2026-03-16T09:40:20.169+01:00  INFO 15456 --- [           main] org.apache.zookeeper.ZooKeeper           : Client environment:host.name=shayma
2026-03-16T09:40:20.170+01:00  INFO 15456 --- [           main] org.apache.zookeeper.ZooKeeper           : Client environment:java.version=25.0.1
2026-03-16T09:40:20.170+01:00  INFO 15456 --- [           main] org.apache.zookeeper.ZooKeeper           : Client environment:java.vendor=Oracle Corporation
2026-03-16T09:40:20.170+01:00  INFO 15456 --- [           main] org.apache.zookeeper.ZooKeeper           : Client environment:java.home=C:\Program Files\Java\jdk-25
2026-03-16T09:40:20.170+01:00  INFO 15456 --- [           main] org.apache.zookeeper.ZooKeeper           : Client environment:java.class.path=C:\Dev\CodeOnce\Git\OrqueIO\example-travel-saga\travel-service\target\test-classes;C:\Dev\CodeOnce\Git\OrqueIO\example-travel-saga\travel-service\target\classes;C:\Users\shaym\.m2\repository\io\orqueio\bpm\springboot\orqueio-bpm-spring-boot-starter-webapp\1.0.7\orqueio-bpm-spring-boot-starter-webapp-1.0.7.jar;C:\Users\shaym\.m2\repository\io\orqueio\bpm\springboot\orqueio-bpm-spring-boot-starter-webapp-core\1.0.7\orqueio-bpm-spring-boot-starter-webapp-core-1.0.7.jar;C:\Users\shaym\.m2\repository\io\orqueio\bpm\webapp\orqueio-webapp-jakarta\1.0.7\orqueio-webapp-jakarta-1.0.7-classes.jar;C:\Users\shaym\.m2\repository\io\orqueio\commons\orqueio-commons-logging\1.0.7\orqueio-commons-logging-1.0.7.jar;C:\Users\shaym\.m2\repository\io\orqueio\bpm\webapp\orqueio-webapp-webjar\1.0.7\orqueio-webapp-webjar-1.0.7.jar;C:\Users\shaym\.m2\repository\io\orqueio\bpm\springboot\orqueio-bpm-spring-boot-starter-rest\1.0.7\orqueio-bpm-spring-boot-starter-rest-1.0.7.jar;C:\Users\shaym\.m2\repository\io\orqueio\bpm\springboot\orqueio-bpm-spring-boot-starter\1.0.7\orqueio-bpm-spring-boot-starter-1.0.7.jar;C:\Users\shaym\.m2\repository\io\orqueio\bpm\orqueio-engine-spring-6\1.0.7\orqueio-engine-spring-6-1.0.7.jar;C:\Users\shaym\.m2\repository\io\orqueio\bpm\orqueio-engine\1.0.7\orqueio-engine-1.0.7.jar;C:\Users\shaym\.m2\repository\io\orqueio\bpm\model\orqueio-bpmn-model\1.0.7\orqueio-bpmn-model-1.0.7.jar;C:\Users\shaym\.m2\repository\io\orqueio\bpm\model\orqueio-xml-model\1.0.7\orqueio-xml-model-1.0.7.jar;C:\Users\shaym\.m2\repository\io\orqueio\bpm\model\orqueio-cmmn-model\1.0.7\orqueio-cmmn-model-1.0.7.jar;C:\Users\shaym\.m2\repository\io\orqueio\bpm\juel\orqueio-juel\1.0.7\orqueio-juel-1.0.7.jar;C:\Users\shaym\.m2\repository\io\orqueio\bpm\dmn\orqueio-engine-dmn\1.0.7\orqueio-engine-dmn-1.0.7.jar;C:\Users\shaym\.m2\repository\io\orqueio\commons\orqueio-commons-utils\1.0.7\orqueio-commons-utils-1.0.7.jar;C:\Users\shaym\.m2\repository\io\orqueio\bpm\model\orqueio-dmn-model\1.0.7\orqueio-dmn-model-1.0.7.jar;C:\Users\shaym\.m2\repository\io\orqueio\bpm\dmn\orqueio-engine-feel-api\1.0.7\orqueio-engine-feel-api-1.0.7.jar;C:\Users\shaym\.m2\repository\io\orqueio\bpm\dmn\orqueio-engine-feel-juel\1.0.7\orqueio-engine-feel-juel-1.0.7.jar;C:\Users\shaym\.m2\repository\io\orqueio\bpm\dmn\orqueio-engine-feel-scala\1.0.7\orqueio-engine-feel-scala-1.0.7.jar;C:\Users\shaym\.m2\repository\org\camunda\feel\feel-engine\1.19.3\feel-engine-1.19.3-scala-shaded.jar;C:\Users\shaym\.m2\repository\io\orqueio\commons\orqueio-commons-typed-values\1.0.7\orqueio-commons-typed-values-1.0.7.jar;C:\Users\shaym\.m2\repository\org\mybatis\mybatis\3.5.15\mybatis-3.5.15.jar;C:\Users\shaym\.m2\repository\joda-time\joda-time\2.12.5\joda-time-2.12.5.jar;C:\Users\shaym\.m2\repository\org\springframework\spring-jdbc\6.2.15\spring-jdbc-6.2.15.jar;C:\Users\shaym\.m2\repository\org\springframework\spring-orm\6.2.15\spring-orm-6.2.15.jar;C:\Users\shaym\.m2\repository\org\springframework\boot\spring-boot-autoconfigure\3.5.9\spring-boot-autoconfigure-3.5.9.jar;C:\Users\shaym\.m2\repository\org\apache\commons\commons-lang3\3.17.0\commons-lang3-3.17.0.jar;C:\Users\shaym\.m2\repository\com\fasterxml\uuid\java-uuid-generator\4.3.0\java-uuid-generator-4.3.0.jar;C:\Users\shaym\.m2\repository\com\sun\xml\bind\jaxb-impl\4.0.6\jaxb-impl-4.0.6.jar;C:\Users\shaym\.m2\repository\com\sun\xml\bind\jaxb-core\4.0.6\jaxb-core-4.0.6.jar;C:\Users\shaym\.m2\repository\org\eclipse\angus\angus-activation\2.0.3\angus-activation-2.0.3.jar;C:\Users\shaym\.m2\repository\io\orqueio\bpm\orqueio-engine-rest-core-jakarta\1.0.7\orqueio-engine-rest-core-jakarta-1.0.7.jar;C:\Users\shaym\.m2\repository\commons-fileupload\commons-fileupload\1.6.0\commons-fileupload-1.6.0.jar;C:\Users\shaym\.m2\repository\commons-io\commons-io\2.17.0\commons-io-2.17.0.jar;C:\Users\shaym\.m2\repository\com\fasterxml\jackson\jakarta\rs\jackson-jakarta-rs-json-provider\2.19.4\jackson-jakarta-rs-json-provider-2.19.4.jar;C:\Users\shaym\.m2\repository\com\fasterxml\jackson\jakarta\rs\jackson-jakarta-rs-base\2.19.4\jackson-jakarta-rs-base-2.19.4.jar;C:\Users\shaym\.m2\repository\com\fasterxml\jackson\module\jackson-module-jakarta-xmlbind-annotations\2.19.4\jackson-module-jakarta-xmlbind-annotations-2.19.4.jar;C:\Users\shaym\.m2\repository\com\fasterxml\jackson\core\jackson-databind\2.19.4\jackson-databind-2.19.4.jar;C:\Users\shaym\.m2\repository\com\fasterxml\jackson\core\jackson-annotations\2.19.4\jackson-annotations-2.19.4.jar;C:\Users\shaym\.m2\repository\com\fasterxml\jackson\core\jackson-core\2.19.4\jackson-core-2.19.4.jar;C:\Users\shaym\.m2\repository\com\fasterxml\jackson\datatype\jackson-datatype-jsr310\2.19.4\jackson-datatype-jsr310-2.19.4.jar;C:\Users\shaym\.m2\repository\org\springframework\boot\spring-boot-starter-jersey\3.5.9\spring-boot-starter-jersey-3.5.9.jar;C:\Users\shaym\.m2\repository\org\springframework\boot\spring-boot-starter-validation\3.5.9\spring-boot-starter-validation-3.5.9.jar;C:\Users\shaym\.m2\repository\org\hibernate\validator\hibernate-validator\8.0.3.Final\hibernate-validator-8.0.3.Final.jar;C:\Users\shaym\.m2\repository\org\glassfish\jersey\containers\jersey-container-servlet-core\3.1.11\jersey-container-servlet-core-3.1.11.jar;C:\Users\shaym\.m2\repository\org\glassfish\jersey\core\jersey-common\3.1.11\jersey-common-3.1.11.jar;C:\Users\shaym\.m2\repository\org\glassfish\hk2\osgi-resource-locator\1.0.3\osgi-resource-locator-1.0.3.jar;C:\Users\shaym\.m2\repository\jakarta\ws\rs\jakarta.ws.rs-api\3.1.0\jakarta.ws.rs-api-3.1.0.jar;C:\Users\shaym\.m2\repository\org\glassfish\jersey\containers\jersey-container-servlet\3.1.11\jersey-container-servlet-3.1.11.jar;C:\Users\shaym\.m2\repository\org\glassfish\jersey\core\jersey-server\3.1.11\jersey-server-3.1.11.jar;C:\Users\shaym\.m2\repository\org\glassfish\jersey\core\jersey-client\3.1.11\jersey-client-3.1.11.jar;C:\Users\shaym\.m2\repository\jakarta\validation\jakarta.validation-api\3.0.2\jakarta.validation-api-3.0.2.jar;C:\Users\shaym\.m2\repository\org\glassfish\jersey\ext\jersey-bean-validation\3.1.11\jersey-bean-validation-3.1.11.jar;C:\Users\shaym\.m2\repository\org\glassfish\expressly\expressly\5.0.0\expressly-5.0.0.jar;C:\Users\shaym\.m2\repository\org\glassfish\jersey\ext\jersey-spring6\3.1.11\jersey-spring6-3.1.11.jar;C:\Users\shaym\.m2\repository\org\glassfish\jersey\inject\jersey-hk2\3.1.11\jersey-hk2-3.1.11.jar;C:\Users\shaym\.m2\repository\org\glassfish\hk2\hk2-locator\3.0.6\hk2-locator-3.0.6.jar;C:\Users\shaym\.m2\repository\org\glassfish\hk2\external\aopalliance-repackaged\3.0.6\aopalliance-repackaged-3.0.6.jar;C:\Users\shaym\.m2\repository\org\javassist\javassist\3.30.2-GA\javassist-3.30.2-GA.jar;C:\Users\shaym\.m2\repository\org\glassfish\hk2\hk2\3.0.6\hk2-3.0.6.jar;C:\Users\shaym\.m2\repository\org\glassfish\hk2\hk2-utils\3.0.6\hk2-utils-3.0.6.jar;C:\Users\shaym\.m2\repository\org\glassfish\hk2\hk2-api\3.0.6\hk2-api-3.0.6.jar;C:\Users\shaym\.m2\repository\org\glassfish\hk2\hk2-core\3.0.6\hk2-core-3.0.6.jar;C:\Users\shaym\.m2\repository\org\glassfish\hk2\hk2-runlevel\3.0.6\hk2-runlevel-3.0.6.jar;C:\Users\shaym\.m2\repository\org\glassfish\hk2\class-model\3.0.6\class-model-3.0.6.jar;C:\Users\shaym\.m2\repository\org\ow2\asm\asm-commons\9.6\asm-commons-9.6.jar;C:\Users\shaym\.m2\repository\org\glassfish\hk2\spring-bridge\3.0.6\spring-bridge-3.0.6.jar;C:\Users\shaym\.m2\repository\org\glassfish\jersey\media\jersey-media-json-jackson\3.1.11\jersey-media-json-jackson-3.1.11.jar;C:\Users\shaym\.m2\repository\org\glassfish\jersey\ext\jersey-entity-filtering\3.1.11\jersey-entity-filtering-3.1.11.jar;C:\Users\shaym\.m2\repository\org\springframework\kafka\spring-kafka\3.3.11\spring-kafka-3.3.11.jar;C:\Users\shaym\.m2\repository\org\springframework\spring-context\6.2.15\spring-context-6.2.15.jar;C:\Users\shaym\.m2\repository\org\springframework\spring-aop\6.2.15\spring-aop-6.2.15.jar;C:\Users\shaym\.m2\repository\org\springframework\spring-beans\6.2.15\spring-beans-6.2.15.jar;C:\Users\shaym\.m2\repository\org\springframework\spring-expression\6.2.15\spring-expression-6.2.15.jar;C:\Users\shaym\.m2\repository\org\springframework\spring-messaging\6.2.15\spring-messaging-6.2.15.jar;C:\Users\shaym\.m2\repository\org\springframework\spring-tx\6.2.15\spring-tx-6.2.15.jar;C:\Users\shaym\.m2\repository\org\springframework\retry\spring-retry\2.0.12\spring-retry-2.0.12.jar;C:\Users\shaym\.m2\repository\org\apache\kafka\kafka-clients\3.9.1\kafka-clients-3.9.1.jar;C:\Users\shaym\.m2\repository\com\github\luben\zstd-jni\1.5.6-4\zstd-jni-1.5.6-4.jar;C:\Users\shaym\.m2\repository\org\lz4\lz4-java\1.8.0\lz4-java-1.8.0.jar;C:\Users\shaym\.m2\repository\org\xerial\snappy\snappy-java\1.1.10.5\snappy-java-1.1.10.5.jar;C:\Users\shaym\.m2\repository\org\slf4j\slf4j-api\2.0.17\slf4j-api-2.0.17.jar;C:\Users\shaym\.m2\repository\io\micrometer\micrometer-observation\1.15.7\micrometer-observation-1.15.7.jar;C:\Users\shaym\.m2\repository\io\micrometer\micrometer-commons\1.15.7\micrometer-commons-1.15.7.jar;C:\Users\shaym\.m2\repository\org\springframework\boot\spring-boot-starter-data-jpa\3.5.9\spring-boot-starter-data-jpa-3.5.9.jar;C:\Users\shaym\.m2\repository\org\springframework\boot\spring-boot-starter\3.5.9\spring-boot-starter-3.5.9.jar;C:\Users\shaym\.m2\repository\org\springframework\boot\spring-boot\3.5.9\spring-boot-3.5.9.jar;C:\Users\shaym\.m2\repository\org\springframework\boot\spring-boot-starter-logging\3.5.9\spring-boot-starter-logging-3.5.9.jar;C:\Users\shaym\.m2\repository\org\apache\logging\log4j\log4j-to-slf4j\2.24.3\log4j-to-slf4j-2.24.3.jar;C:\Users\shaym\.m2\repository\org\apache\logging\log4j\log4j-api\2.24.3\log4j-api-2.24.3.jar;C:\Users\shaym\.m2\repository\org\slf4j\jul-to-slf4j\2.0.17\jul-to-slf4j-2.0.17.jar;C:\Users\shaym\.m2\repository\jakarta\annotation\jakarta.annotation-api\2.1.1\jakarta.annotation-api-2.1.1.jar;C:\Users\shaym\.m2\repository\org\yaml\snakeyaml\2.4\snakeyaml-2.4.jar;C:\Users\shaym\.m2\repository\org\springframework\boot\spring-boot-starter-jdbc\3.5.9\spring-boot-starter-jdbc-3.5.9.jar;C:\Users\shaym\.m2\repository\com\zaxxer\HikariCP\6.3.3\HikariCP-6.3.3.jar;C:\Users\shaym\.m2\repository\org\hibernate\orm\hibernate-core\6.6.39.Final\hibernate-core-6.6.39.Final.jar;C:\Users\shaym\.m2\repository\jakarta\persistence\jakarta.persistence-api\3.1.0\jakarta.persistence-api-3.1.0.jar;C:\Users\shaym\.m2\repository\jakarta\transaction\jakarta.transaction-api\2.0.1\jakarta.transaction-api-2.0.1.jar;C:\Users\shaym\.m2\repository\org\jboss\logging\jboss-logging\3.6.1.Final\jboss-logging-3.6.1.Final.jar;C:\Users\shaym\.m2\repository\org\hibernate\common\hibernate-commons-annotations\7.0.3.Final\hibernate-commons-annotations-7.0.3.Final.jar;C:\Users\shaym\.m2\repository\io\smallrye\jandex\3.2.0\jandex-3.2.0.jar;C:\Users\shaym\.m2\repository\com\fasterxml\classmate\1.7.1\classmate-1.7.1.jar;C:\Users\shaym\.m2\repository\net\bytebuddy\byte-buddy\1.17.8\byte-buddy-1.17.8.jar;C:\Users\shaym\.m2\repository\org\glassfish\jaxb\jaxb-runtime\4.0.6\jaxb-runtime-4.0.6.jar;C:\Users\shaym\.m2\repository\org\glassfish\jaxb\jaxb-core\4.0.6\jaxb-core-4.0.6.jar;C:\Users\shaym\.m2\repository\org\glassfish\jaxb\txw2\4.0.6\txw2-4.0.6.jar;C:\Users\shaym\.m2\repository\com\sun\istack\istack-commons-runtime\4.1.2\istack-commons-runtime-4.1.2.jar;C:\Users\shaym\.m2\repository\jakarta\inject\jakarta.inject-api\2.0.1\jakarta.inject-api-2.0.1.jar;C:\Users\shaym\.m2\repository\org\antlr\antlr4-runtime\4.13.0\antlr4-runtime-4.13.0.jar;C:\Users\shaym\.m2\repository\org\springframework\data\spring-data-jpa\3.5.7\spring-data-jpa-3.5.7.jar;C:\Users\shaym\.m2\repository\org\springframework\data\spring-data-commons\3.5.7\spring-data-commons-3.5.7.jar;C:\Users\shaym\.m2\repository\org\springframework\spring-aspects\6.2.15\spring-aspects-6.2.15.jar;C:\Users\shaym\.m2\repository\org\aspectj\aspectjweaver\1.9.25.1\aspectjweaver-1.9.25.1.jar;C:\Users\shaym\.m2\repository\com\h2database\h2\2.3.232\h2-2.3.232.jar;C:\Users\shaym\.m2\repository\org\springframework\boot\spring-boot-starter-web\3.5.9\spring-boot-starter-web-3.5.9.jar;C:\Users\shaym\.m2\repository\org\springframework\boot\spring-boot-starter-json\3.5.9\spring-boot-starter-json-3.5.9.jar;C:\Users\shaym\.m2\repository\com\fasterxml\jackson\datatype\jackson-datatype-jdk8\2.19.4\jackson-datatype-jdk8-2.19.4.jar;C:\Users\shaym\.m2\repository\com\fasterxml\jackson\module\jackson-module-parameter-names\2.19.4\jackson-module-parameter-names-2.19.4.jar;C:\Users\shaym\.m2\repository\org\springframework\boot\spring-boot-starter-tomcat\3.5.9\spring-boot-starter-tomcat-3.5.9.jar;C:\Users\shaym\.m2\repository\org\apache\tomcat\embed\tomcat-embed-core\10.1.50\tomcat-embed-core-10.1.50.jar;C:\Users\shaym\.m2\repository\org\apache\tomcat\embed\tomcat-embed-el\10.1.50\tomcat-embed-el-10.1.50.jar;C:\Users\shaym\.m2\repository\org\apache\tomcat\embed\tomcat-embed-websocket\10.1.50\tomcat-embed-websocket-10.1.50.jar;C:\Users\shaym\.m2\repository\org\springframework\spring-web\6.2.15\spring-web-6.2.15.jar;C:\Users\shaym\.m2\repository\org\springframework\spring-webmvc\6.2.15\spring-webmvc-6.2.15.jar;C:\Users\shaym\.m2\repository\org\springframework\kafka\spring-kafka-test\3.3.11\spring-kafka-test-3.3.11.jar;C:\Users\shaym\.m2\repository\org\springframework\spring-test\6.2.15\spring-test-6.2.15.jar;C:\Users\shaym\.m2\repository\org\apache\zookeeper\zookeeper\3.8.5\zookeeper-3.8.5.jar;C:\Users\shaym\.m2\repository\org\apache\zookeeper\zookeeper-jute\3.8.5\zookeeper-jute-3.8.5.jar;C:\Users\shaym\.m2\repository\org\apache\yetus\audience-annotations\0.12.0\audience-annotations-0.12.0.jar;C:\Users\shaym\.m2\repository\io\netty\netty-handler\4.1.130.Final\netty-handler-4.1.130.Final.jar;C:\Users\shaym\.m2\repository\io\netty\netty-common\4.1.130.Final\netty-common-4.1.130.Final.jar;C:\Users\shaym\.m2\repository\io\netty\netty-resolver\4.1.130.Final\netty-resolver-4.1.130.Final.jar;C:\Users\shaym\.m2\repository\io\netty\netty-buffer\4.1.130.Final\netty-buffer-4.1.130.Final.jar;C:\Users\shaym\.m2\repository\io\netty\netty-transport\4.1.130.Final\netty-transport-4.1.130.Final.jar;C:\Users\shaym\.m2\repository\io\netty\netty-transport-native-unix-common\4.1.130.Final\netty-transport-native-unix-common-4.1.130.Final.jar;C:\Users\shaym\.m2\repository\io\netty\netty-codec\4.1.130.Final\netty-codec-4.1.130.Final.jar;C:\Users\shaym\.m2\repository\io\netty\netty-transport-native-epoll\4.1.130.Final\netty-transport-native-epoll-4.1.130.Final.jar;C:\Users\shaym\.m2\repository\io\netty\netty-transport-classes-epoll\4.1.130.Final\netty-transport-classes-epoll-4.1.130.Final.jar;C:\Users\shaym\.m2\repository\ch\qos\logback\logback-core\1.5.22\logback-core-1.5.22.jar;C:\Users\shaym\.m2\repository\ch\qos\logback\logback-classic\1.5.22\logback-classic-1.5.22.jar;C:\Users\shaym\.m2\repository\org\apache\kafka\kafka-clients\3.9.1\kafka-clients-3.9.1-test.jar;C:\Users\shaym\.m2\repository\org\apache\kafka\kafka-server\3.9.1\kafka-server-3.9.1.jar;C:\Users\shaym\.m2\repository\org\apache\kafka\kafka-storage\3.9.1\kafka-storage-3.9.1.jar;C:\Users\shaym\.m2\repository\com\github\ben-manes\caffeine\caffeine\3.2.3\caffeine-3.2.3.jar;C:\Users\shaym\.m2\repository\org\jspecify\jspecify\1.0.0\jspecify-1.0.0.jar;C:\Users\shaym\.m2\repository\com\google\errorprone\error_prone_annotations\2.43.0\error_prone_annotations-2.43.0.jar;C:\Users\shaym\.m2\repository\org\apache\kafka\kafka-group-coordinator\3.9.1\kafka-group-coordinator-3.9.1.jar;C:\Users\shaym\.m2\repository\org\apache\kafka\kafka-transaction-coordinator\3.9.1\kafka-transaction-coordinator-3.9.1.jar;C:\Users\shaym\.m2\repository\org\apache\kafka\kafka-raft\3.9.1\kafka-raft-3.9.1.jar;C:\Users\shaym\.m2\repository\com\yammer\metrics\metrics-core\2.2.0\metrics-core-2.2.0.jar;C:\Users\shaym\.m2\repository\org\apache\kafka\kafka-metadata\3.9.1\kafka-metadata-3.9.1.jar;C:\Users\shaym\.m2\repository\org\apache\kafka\kafka-server-common\3.9.1\kafka-server-common-3.9.1.jar;C:\Users\shaym\.m2\repository\net\sf\jopt-simple\jopt-simple\5.0.4\jopt-simple-5.0.4.jar;C:\Users\shaym\.m2\repository\org\pcollections\pcollections\4.0.1\pcollections-4.0.1.jar;C:\Users\shaym\.m2\repository\org\apache\kafka\kafka-server-common\3.9.1\kafka-server-common-3.9.1-test.jar;C:\Users\shaym\.m2\repository\org\apache\kafka\kafka-streams-test-utils\3.9.1\kafka-streams-test-utils-3.9.1.jar;C:\Users\shaym\.m2\repository\org\apache\kafka\kafka-streams\3.9.1\kafka-streams-3.9.1.jar;C:\Users\shaym\.m2\repository\org\rocksdb\rocksdbjni\7.9.2\rocksdbjni-7.9.2.jar;C:\Users\shaym\.m2\repository\org\apache\kafka\kafka_2.13\3.9.1\kafka_2.13-3.9.1.jar;C:\Users\shaym\.m2\repository\org\scala-lang\scala-library\2.13.15\scala-library-2.13.15.jar;C:\Users\shaym\.m2\repository\org\apache\kafka\kafka-group-coordinator-api\3.9.1\kafka-group-coordinator-api-3.9.1.jar;C:\Users\shaym\.m2\repository\org\apache\kafka\kafka-storage-api\3.9.1\kafka-storage-api-3.9.1.jar;C:\Users\shaym\.m2\repository\org\apache\kafka\kafka-tools-api\3.9.1\kafka-tools-api-3.9.1.jar;C:\Users\shaym\.m2\repository\net\sourceforge\argparse4j\argparse4j\0.7.0\argparse4j-0.7.0.jar;C:\Users\shaym\.m2\repository\commons-validator\commons-validator\1.7\commons-validator-1.7.jar;C:\Users\shaym\.m2\repository\commons-beanutils\commons-beanutils\1.9.4\commons-beanutils-1.9.4.jar;C:\Users\shaym\.m2\repository\commons-digester\commons-digester\2.1\commons-digester-2.1.jar;C:\Users\shaym\.m2\repository\commons-collections\commons-collections\3.2.2\commons-collections-3.2.2.jar;C:\Users\shaym\.m2\repository\com\fasterxml\jackson\module\jackson-module-scala_2.13\2.19.4\jackson-module-scala_2.13-2.19.4.jar;C:\Users\shaym\.m2\repository\com\thoughtworks\paranamer\paranamer\2.8.3\paranamer-2.8.3.jar;C:\Users\shaym\.m2\repository\com\fasterxml\jackson\dataformat\jackson-dataformat-csv\2.19.4\jackson-dataformat-csv-2.19.4.jar;C:\Users\shaym\.m2\repository\org\bitbucket\b_c\jose4j\0.9.4\jose4j-0.9.4.jar;C:\Users\shaym\.m2\repository\org\scala-lang\modules\scala-collection-compat_2.13\2.10.0\scala-collection-compat_2.13-2.10.0.jar;C:\Users\shaym\.m2\repository\org\scala-lang\modules\scala-java8-compat_2.13\1.0.2\scala-java8-compat_2.13-1.0.2.jar;C:\Users\shaym\.m2\repository\org\scala-lang\scala-reflect\2.13.15\scala-reflect-2.13.15.jar;C:\Users\shaym\.m2\repository\com\typesafe\scala-logging\scala-logging_2.13\3.9.5\scala-logging_2.13-3.9.5.jar;C:\Users\shaym\.m2\repository\io\dropwizard\metrics\metrics-core\4.1.12.1\metrics-core-4.1.12.1.jar;C:\Users\shaym\.m2\repository\commons-cli\commons-cli\1.4\commons-cli-1.4.jar;C:\Users\shaym\.m2\repository\org\apache\kafka\kafka_2.13\3.9.1\kafka_2.13-3.9.1-test.jar;C:\Users\shaym\.m2\repository\org\junit\jupiter\junit-jupiter-api\5.12.2\junit-jupiter-api-5.12.2.jar;C:\Users\shaym\.m2\repository\org\opentest4j\opentest4j\1.3.0\opentest4j-1.3.0.jar;C:\Users\shaym\.m2\repository\org\junit\platform\junit-platform-commons\1.12.2\junit-platform-commons-1.12.2.jar;C:\Users\shaym\.m2\repository\org\apiguardian\apiguardian-api\1.1.2\apiguardian-api-1.1.2.jar;C:\Users\shaym\.m2\repository\org\junit\platform\junit-platform-launcher\1.12.2\junit-platform-launcher-1.12.2.jar;C:\Users\shaym\.m2\repository\org\junit\platform\junit-platform-engine\1.12.2\junit-platform-engine-1.12.2.jar;C:\Users\shaym\.m2\repository\org\springframework\boot\spring-boot-starter-test\3.5.9\spring-boot-starter-test-3.5.9.jar;C:\Users\shaym\.m2\repository\org\springframework\boot\spring-boot-test\3.5.9\spring-boot-test-3.5.9.jar;C:\Users\shaym\.m2\repository\org\springframework\boot\spring-boot-test-autoconfigure\3.5.9\spring-boot-test-autoconfigure-3.5.9.jar;C:\Users\shaym\.m2\repository\com\jayway\jsonpath\json-path\2.9.0\json-path-2.9.0.jar;C:\Users\shaym\.m2\repository\jakarta\xml\bind\jakarta.xml.bind-api\4.0.4\jakarta.xml.bind-api-4.0.4.jar;C:\Users\shaym\.m2\repository\jakarta\activation\jakarta.activation-api\2.1.4\jakarta.activation-api-2.1.4.jar;C:\Users\shaym\.m2\repository\net\minidev\json-smart\2.5.2\json-smart-2.5.2.jar;C:\Users\shaym\.m2\repository\net\minidev\accessors-smart\2.5.2\accessors-smart-2.5.2.jar;C:\Users\shaym\.m2\repository\org\ow2\asm\asm\9.7.1\asm-9.7.1.jar;C:\Users\shaym\.m2\repository\org\assertj\assertj-core\3.27.6\assertj-core-3.27.6.jar;C:\Users\shaym\.m2\repository\org\awaitility\awaitility\4.2.2\awaitility-4.2.2.jar;C:\Users\shaym\.m2\repository\org\hamcrest\hamcrest\3.0\hamcrest-3.0.jar;C:\Users\shaym\.m2\repository\org\junit\jupiter\junit-jupiter\5.12.2\junit-jupiter-5.12.2.jar;C:\Users\shaym\.m2\repository\org\junit\jupiter\junit-jupiter-params\5.12.2\junit-jupiter-params-5.12.2.jar;C:\Users\shaym\.m2\repository\org\junit\jupiter\junit-jupiter-engine\5.12.2\junit-jupiter-engine-5.12.2.jar;C:\Users\shaym\.m2\repository\org\mockito\mockito-core\5.17.0\mockito-core-5.17.0.jar;C:\Users\shaym\.m2\repository\net\bytebuddy\byte-buddy-agent\1.17.8\byte-buddy-agent-1.17.8.jar;C:\Users\shaym\.m2\repository\org\objenesis\objenesis\3.3\objenesis-3.3.jar;C:\Users\shaym\.m2\repository\org\mockito\mockito-junit-jupiter\5.17.0\mockito-junit-jupiter-5.17.0.jar;C:\Users\shaym\.m2\repository\org\skyscreamer\jsonassert\1.5.3\jsonassert-1.5.3.jar;C:\Users\shaym\.m2\repository\com\vaadin\external\google\android-json\0.0.20131108.vaadin1\android-json-0.0.20131108.vaadin1.jar;C:\Users\shaym\.m2\repository\org\springframework\spring-core\6.2.15\spring-core-6.2.15.jar;C:\Users\shaym\.m2\repository\org\springframework\spring-jcl\6.2.15\spring-jcl-6.2.15.jar;C:\Users\shaym\.m2\repository\org\xmlunit\xmlunit-core\2.10.4\xmlunit-core-2.10.4.jar;
2026-03-16T09:40:20.171+01:00  INFO 15456 --- [           main] org.apache.zookeeper.ZooKeeper           : Client environment:java.library.path=C:\Program Files\Java\jdk-25\bin;C:\windows\Sun\Java\bin;C:\windows\system32;C:\windows;C:\Program Files\Common Files\Oracle\Java\javapath;C:\Python314\Scripts\;C:\Python314\;C:\windows\system32;C:\windows;C:\windows\System32\Wbem;C:\windows\System32\WindowsPowerShell\v1.0\;C:\windows\System32\OpenSSH\;C:\Program Files (x86)\NVIDIA Corporation\PhysX\Common;C:\Program Files\NVIDIA Corporation\NVIDIA NvDLISR;C:\Users\Administrator\AppData\Local\Microsoft\WindowsApps;C:\Program Files\HP\OMEN-Broadcast\Common;C:\Program Files\Docker\Docker\resources\bin;C:\ProgramData\chocolatey\bin;C:\Users\shaym\AppData\Local\nvm;C:\nvm4w\nodejs;C:\Program Files\Git\cmd;C:\Users\shaym\Downloads\apache-maven-3.9.11-bin\apache-maven-3.9.11;C:\Users\shaym\AppData\Local\Microsoft\WindowsApps;C:\Users\shaym\AppData\Local\Programs\IntelliJ IDEA 2025.2.5\bin;C:\Users\shaym\AppData\Local\Programs\Microsoft VS Code\bin;C:\Users\shaym\AppData\Roaming\npm;C:\Users\shaym\AppData\Local\nvm;C:\nvm4w\nodejs;C:\Users\shaym\Downloads\apache-maven-3.9.11-bin\apache-maven-3.9.11\bin;C:\Users\shaym\AppData\Local\Microsoft\WinGet\Packages\Anthropic.ClaudeCode_Microsoft.Winget.Source_8wekyb3d8bbwe;;.
2026-03-16T09:40:20.172+01:00  INFO 15456 --- [           main] org.apache.zookeeper.ZooKeeper           : Client environment:java.io.tmpdir=C:\Users\shaym\AppData\Local\Temp\
2026-03-16T09:40:20.172+01:00  INFO 15456 --- [           main] org.apache.zookeeper.ZooKeeper           : Client environment:java.compiler=<NA>
2026-03-16T09:40:20.172+01:00  INFO 15456 --- [           main] org.apache.zookeeper.ZooKeeper           : Client environment:os.name=Windows 11
2026-03-16T09:40:20.172+01:00  INFO 15456 --- [           main] org.apache.zookeeper.ZooKeeper           : Client environment:os.arch=amd64
2026-03-16T09:40:20.172+01:00  INFO 15456 --- [           main] org.apache.zookeeper.ZooKeeper           : Client environment:os.version=10.0
2026-03-16T09:40:20.172+01:00  INFO 15456 --- [           main] org.apache.zookeeper.ZooKeeper           : Client environment:user.name=shaym
2026-03-16T09:40:20.172+01:00  INFO 15456 --- [           main] org.apache.zookeeper.ZooKeeper           : Client environment:user.home=C:\Users\shaym
2026-03-16T09:40:20.172+01:00  INFO 15456 --- [           main] org.apache.zookeeper.ZooKeeper           : Client environment:user.dir=C:\Dev\CodeOnce\Git\OrqueIO\example-travel-saga\travel-service
2026-03-16T09:40:20.172+01:00  INFO 15456 --- [           main] org.apache.zookeeper.ZooKeeper           : Client environment:os.memory.free=18MB
2026-03-16T09:40:20.172+01:00  INFO 15456 --- [           main] org.apache.zookeeper.ZooKeeper           : Client environment:os.memory.max=8100MB
2026-03-16T09:40:20.172+01:00  INFO 15456 --- [           main] org.apache.zookeeper.ZooKeeper           : Client environment:os.memory.total=96MB
2026-03-16T09:40:20.173+01:00  INFO 15456 --- [           main] org.apache.zookeeper.ZooKeeper           : Initiating client connection, connectString=127.0.0.1:58726 sessionTimeout=18000 watcher=kafka.zookeeper.ZooKeeperClient$ZooKeeperClientWatcher$@2aff9dff
2026-03-16T09:40:20.176+01:00  INFO 15456 --- [           main] org.apache.zookeeper.ClientCnxnSocket    : jute.maxbuffer value is 4194304 Bytes
2026-03-16T09:40:20.179+01:00  INFO 15456 --- [           main] org.apache.zookeeper.ClientCnxn          : zookeeper.request.timeout value is 0. feature enabled=false
2026-03-16T09:40:20.180+01:00  INFO 15456 --- [           main] kafka.zookeeper.ZooKeeperClient          : [ZooKeeperClient Kafka server] Waiting until connected.
2026-03-16T09:40:20.180+01:00  INFO 15456 --- [27.0.0.1:58726)] org.apache.zookeeper.ClientCnxn          : Opening socket connection to server /127.0.0.1:58726.
2026-03-16T09:40:20.181+01:00  INFO 15456 --- [27.0.0.1:58726)] org.apache.zookeeper.ClientCnxn          : Socket connection established, initiating session, client: /127.0.0.1:58729, server: /127.0.0.1:58726
2026-03-16T09:40:20.186+01:00  INFO 15456 --- [   SyncThread:0] o.a.z.server.persistence.FileTxnLog      : Creating new log file: log.1
2026-03-16T09:40:20.192+01:00  INFO 15456 --- [   SyncThread:0] o.a.zookeeper.audit.ZKAuditProvider      : ZooKeeper audit is disabled.
2026-03-16T09:40:20.195+01:00  INFO 15456 --- [27.0.0.1:58726)] org.apache.zookeeper.ClientCnxn          : Session establishment complete on server /127.0.0.1:58726, session id = 0x100002a64430000, negotiated timeout = 16000
2026-03-16T09:40:20.197+01:00  INFO 15456 --- [           main] kafka.zookeeper.ZooKeeperClient          : [ZooKeeperClient Kafka server] Connected.
2026-03-16T09:40:20.304+01:00  INFO 15456 --- [           main] kafka.server.KafkaServer                 : Cluster ID = LfolhWTXRDCDfjULAPaxxw
2026-03-16T09:40:20.348+01:00  INFO 15456 --- [           main] kafka.server.KafkaConfig                 : KafkaConfig values: 
	advertised.listeners = null
	alter.config.policy.class.name = null
	alter.log.dirs.replication.quota.window.num = 11
	alter.log.dirs.replication.quota.window.size.seconds = 1
	authorizer.class.name = 
	auto.create.topics.enable = true
	auto.include.jmx.reporter = true
	auto.leader.rebalance.enable = true
	background.threads = 2
	broker.heartbeat.interval.ms = 2000
	broker.id = 0
	broker.id.generation.enable = true
	broker.rack = null
	broker.session.timeout.ms = 9000
	client.quota.callback.class = null
	compression.gzip.level = -1
	compression.lz4.level = 9
	compression.type = producer
	compression.zstd.level = 3
	connection.failed.authentication.delay.ms = 100
	connections.max.idle.ms = 600000
	connections.max.reauth.ms = 0
	control.plane.listener.name = null
	controlled.shutdown.enable = false
	controlled.shutdown.max.retries = 3
	controlled.shutdown.retry.backoff.ms = 100
	controller.listener.names = null
	controller.quorum.append.linger.ms = 25
	controller.quorum.bootstrap.servers = []
	controller.quorum.election.backoff.max.ms = 1000
	controller.quorum.election.timeout.ms = 1000
	controller.quorum.fetch.timeout.ms = 2000
	controller.quorum.request.timeout.ms = 2000
	controller.quorum.retry.backoff.ms = 20
	controller.quorum.voters = []
	controller.quota.window.num = 11
	controller.quota.window.size.seconds = 1
	controller.socket.timeout.ms = 1000
	create.topic.policy.class.name = null
	default.replication.factor = 1
	delegation.token.expiry.check.interval.ms = 3600000
	delegation.token.expiry.time.ms = 86400000
	delegation.token.master.key = null
	delegation.token.max.lifetime.ms = 604800000
	delegation.token.secret.key = null
	delete.records.purgatory.purge.interval.requests = 1
	delete.topic.enable = true
	early.start.listeners = null
	eligible.leader.replicas.enable = false
	fetch.max.bytes = 57671680
	fetch.purgatory.purge.interval.requests = 1000
	group.consumer.assignors = [org.apache.kafka.coordinator.group.assignor.UniformAssignor, org.apache.kafka.coordinator.group.assignor.RangeAssignor]
	group.consumer.heartbeat.interval.ms = 5000
	group.consumer.max.heartbeat.interval.ms = 15000
	group.consumer.max.session.timeout.ms = 60000
	group.consumer.max.size = 2147483647
	group.consumer.migration.policy = disabled
	group.consumer.min.heartbeat.interval.ms = 5000
	group.consumer.min.session.timeout.ms = 45000
	group.consumer.session.timeout.ms = 45000
	group.coordinator.append.linger.ms = 10
	group.coordinator.new.enable = false
	group.coordinator.rebalance.protocols = [classic]
	group.coordinator.threads = 1
	group.initial.rebalance.delay.ms = 0
	group.max.session.timeout.ms = 1800000
	group.max.size = 2147483647
	group.min.session.timeout.ms = 6000
	group.share.delivery.count.limit = 5
	group.share.enable = false
	group.share.heartbeat.interval.ms = 5000
	group.share.max.groups = 10
	group.share.max.heartbeat.interval.ms = 15000
	group.share.max.record.lock.duration.ms = 60000
	group.share.max.session.timeout.ms = 60000
	group.share.max.size = 200
	group.share.min.heartbeat.interval.ms = 5000
	group.share.min.record.lock.duration.ms = 15000
	group.share.min.session.timeout.ms = 45000
	group.share.partition.max.record.locks = 200
	group.share.record.lock.duration.ms = 30000
	group.share.session.timeout.ms = 45000
[...]
2026-03-16T09:40:25.890+01:00  INFO 15456 --- [ntainer#1-0-C-1] o.a.k.c.c.internals.ConsumerCoordinator  : [Consumer clientId=consumer-saga-orchestrator-3, groupId=saga-orchestrator] (Re-)joining group
2026-03-16T09:40:25.891+01:00  INFO 15456 --- [ntainer#2-0-C-1] o.a.k.c.c.internals.ConsumerCoordinator  : [Consumer clientId=consumer-saga-orchestrator-1, groupId=saga-orchestrator] Discovered group coordinator localhost:58731 (id: 2147483647 rack: null)
2026-03-16T09:40:25.891+01:00  INFO 15456 --- [ntainer#2-0-C-1] o.a.k.c.c.internals.ConsumerCoordinator  : [Consumer clientId=consumer-saga-orchestrator-1, groupId=saga-orchestrator] (Re-)joining group
2026-03-16T09:40:25.891+01:00  INFO 15456 --- [quest-handler-1] k.coordinator.group.GroupCoordinator     : [GroupCoordinator 0]: Preparing to rebalance group saga-orchestrator in state PreparingRebalance with old generation 1 (__consumer_offsets-3) (reason: Adding new member consumer-saga-orchestrator-3-f29e92c2-cf7a-49db-bd4c-597d1535254a with group instance id None; client reason: need to re-join with the given member-id: consumer-saga-orchestrator-3-f29e92c2-cf7a-49db-bd4c-597d1535254a)
2026-03-16T09:40:25.892+01:00  INFO 15456 --- [ntainer#0-0-C-1] o.a.k.c.c.internals.ConsumerCoordinator  : [Consumer clientId=consumer-saga-orchestrator-2, groupId=saga-orchestrator] Finished assignment for group at generation 1: {consumer-saga-orchestrator-2-fc4a5339-241e-492d-81ac-44ef0a395714=Assignment(partitions=[saga.car.response-0])}
2026-03-16T09:40:25.893+01:00  INFO 15456 --- [quest-handler-2] k.coordinator.group.GroupCoordinator     : [GroupCoordinator 0]: Dynamic member with unknown member id joins group saga-orchestrator in PreparingRebalance state. Created a new member id consumer-saga-orchestrator-1-aca10a08-048d-4726-83f1-b95e0924d26b and request the member to rejoin with this id.
2026-03-16T09:40:25.893+01:00  INFO 15456 --- [ntainer#2-0-C-1] o.a.k.c.c.internals.ConsumerCoordinator  : [Consumer clientId=consumer-saga-orchestrator-1, groupId=saga-orchestrator] Request joining group due to: need to re-join with the given member-id: consumer-saga-orchestrator-1-aca10a08-048d-4726-83f1-b95e0924d26b
2026-03-16T09:40:25.894+01:00  INFO 15456 --- [ntainer#2-0-C-1] o.a.k.c.c.internals.ConsumerCoordinator  : [Consumer clientId=consumer-saga-orchestrator-1, groupId=saga-orchestrator] (Re-)joining group
2026-03-16T09:40:25.895+01:00  INFO 15456 --- [er-event-thread] kafka.controller.KafkaController         : [Controller id=0] Processing automatic preferred replica leader election
2026-03-16T09:40:25.898+01:00  INFO 15456 --- [ntainer#0-0-C-1] o.a.k.c.c.internals.ConsumerCoordinator  : [Consumer clientId=consumer-saga-orchestrator-2, groupId=saga-orchestrator] SyncGroup failed: The group began another rebalance. Need to re-join the group. Sent generation was Generation{generationId=1, memberId='consumer-saga-orchestrator-2-fc4a5339-241e-492d-81ac-44ef0a395714', protocol='range'}
2026-03-16T09:40:25.898+01:00  INFO 15456 --- [ntainer#0-0-C-1] o.a.k.c.c.internals.ConsumerCoordinator  : [Consumer clientId=consumer-saga-orchestrator-2, groupId=saga-orchestrator] Request joining group due to: rebalance failed due to 'The group is rebalancing, so a rejoin is needed.' (RebalanceInProgressException)
2026-03-16T09:40:25.898+01:00  INFO 15456 --- [ntainer#0-0-C-1] o.a.k.c.c.internals.ConsumerCoordinator  : [Consumer clientId=consumer-saga-orchestrator-2, groupId=saga-orchestrator] (Re-)joining group
2026-03-16T09:40:25.899+01:00  INFO 15456 --- [quest-handler-4] k.coordinator.group.GroupCoordinator     : [GroupCoordinator 0]: Stabilized group saga-orchestrator generation 2 (__consumer_offsets-3) with 3 members
2026-03-16T09:40:25.900+01:00  INFO 15456 --- [ntainer#2-0-C-1] o.a.k.c.c.internals.ConsumerCoordinator  : [Consumer clientId=consumer-saga-orchestrator-1, groupId=saga-orchestrator] Successfully joined group with generation Generation{generationId=2, memberId='consumer-saga-orchestrator-1-aca10a08-048d-4726-83f1-b95e0924d26b', protocol='range'}
2026-03-16T09:40:25.900+01:00  INFO 15456 --- [ntainer#1-0-C-1] o.a.k.c.c.internals.ConsumerCoordinator  : [Consumer clientId=consumer-saga-orchestrator-3, groupId=saga-orchestrator] Successfully joined group with generation Generation{generationId=2, memberId='consumer-saga-orchestrator-3-f29e92c2-cf7a-49db-bd4c-597d1535254a', protocol='range'}
2026-03-16T09:40:25.911+01:00  INFO 15456 --- [ntainer#0-0-C-1] o.a.k.c.c.internals.ConsumerCoordinator  : [Consumer clientId=consumer-saga-orchestrator-2, groupId=saga-orchestrator] Successfully joined group with generation Generation{generationId=2, memberId='consumer-saga-orchestrator-2-fc4a5339-241e-492d-81ac-44ef0a395714', protocol='range'}
2026-03-16T09:40:25.913+01:00  INFO 15456 --- [ntainer#0-0-C-1] o.a.k.c.c.internals.ConsumerCoordinator  : [Consumer clientId=consumer-saga-orchestrator-2, groupId=saga-orchestrator] Finished assignment for group at generation 2: {consumer-saga-orchestrator-1-aca10a08-048d-4726-83f1-b95e0924d26b=Assignment(partitions=[saga.hotel.response-0]), consumer-saga-orchestrator-3-f29e92c2-cf7a-49db-bd4c-597d1535254a=Assignment(partitions=[saga.flight.response-0]), consumer-saga-orchestrator-2-fc4a5339-241e-492d-81ac-44ef0a395714=Assignment(partitions=[saga.car.response-0])}
2026-03-16T09:40:25.914+01:00  INFO 15456 --- [quest-handler-5] k.coordinator.group.GroupCoordinator     : [GroupCoordinator 0]: Assignment received from leader consumer-saga-orchestrator-2-fc4a5339-241e-492d-81ac-44ef0a395714 for group saga-orchestrator for generation 2. The group has 3 members, 0 of which are static.
2026-03-16T09:40:25.939+01:00  INFO 15456 --- [ntainer#1-0-C-1] o.a.k.c.c.internals.ConsumerCoordinator  : [Consumer clientId=consumer-saga-orchestrator-3, groupId=saga-orchestrator] Successfully synced group in generation Generation{generationId=2, memberId='consumer-saga-orchestrator-3-f29e92c2-cf7a-49db-bd4c-597d1535254a', protocol='range'}
2026-03-16T09:40:25.939+01:00  INFO 15456 --- [ntainer#2-0-C-1] o.a.k.c.c.internals.ConsumerCoordinator  : [Consumer clientId=consumer-saga-orchestrator-1, groupId=saga-orchestrator] Successfully synced group in generation Generation{generationId=2, memberId='consumer-saga-orchestrator-1-aca10a08-048d-4726-83f1-b95e0924d26b', protocol='range'}
2026-03-16T09:40:25.939+01:00  INFO 15456 --- [ntainer#0-0-C-1] o.a.k.c.c.internals.ConsumerCoordinator  : [Consumer clientId=consumer-saga-orchestrator-2, groupId=saga-orchestrator] Successfully synced group in generation Generation{generationId=2, memberId='consumer-saga-orchestrator-2-fc4a5339-241e-492d-81ac-44ef0a395714', protocol='range'}
2026-03-16T09:40:25.940+01:00  INFO 15456 --- [ntainer#0-0-C-1] o.a.k.c.c.internals.ConsumerCoordinator  : [Consumer clientId=consumer-saga-orchestrator-2, groupId=saga-orchestrator] Notifying assignor about the new Assignment(partitions=[saga.car.response-0])
2026-03-16T09:40:25.940+01:00  INFO 15456 --- [ntainer#1-0-C-1] o.a.k.c.c.internals.ConsumerCoordinator  : [Consumer clientId=consumer-saga-orchestrator-3, groupId=saga-orchestrator] Notifying assignor about the new Assignment(partitions=[saga.flight.response-0])
2026-03-16T09:40:25.940+01:00  INFO 15456 --- [ntainer#2-0-C-1] o.a.k.c.c.internals.ConsumerCoordinator  : [Consumer clientId=consumer-saga-orchestrator-1, groupId=saga-orchestrator] Notifying assignor about the new Assignment(partitions=[saga.hotel.response-0])
2026-03-16T09:40:25.941+01:00  INFO 15456 --- [ntainer#1-0-C-1] k.c.c.i.ConsumerRebalanceListenerInvoker : [Consumer clientId=consumer-saga-orchestrator-3, groupId=saga-orchestrator] Adding newly assigned partitions: saga.flight.response-0
2026-03-16T09:40:25.941+01:00  INFO 15456 --- [ntainer#2-0-C-1] k.c.c.i.ConsumerRebalanceListenerInvoker : [Consumer clientId=consumer-saga-orchestrator-1, groupId=saga-orchestrator] Adding newly assigned partitions: saga.hotel.response-0
2026-03-16T09:40:25.941+01:00  INFO 15456 --- [ntainer#0-0-C-1] k.c.c.i.ConsumerRebalanceListenerInvoker : [Consumer clientId=consumer-saga-orchestrator-2, groupId=saga-orchestrator] Adding newly assigned partitions: saga.car.response-0
2026-03-16T09:40:25.948+01:00  INFO 15456 --- [ntainer#1-0-C-1] o.a.k.c.c.internals.ConsumerCoordinator  : [Consumer clientId=consumer-saga-orchestrator-3, groupId=saga-orchestrator] Found no committed offset for partition saga.flight.response-0
2026-03-16T09:40:25.948+01:00  INFO 15456 --- [ntainer#2-0-C-1] o.a.k.c.c.internals.ConsumerCoordinator  : [Consumer clientId=consumer-saga-orchestrator-1, groupId=saga-orchestrator] Found no committed offset for partition saga.hotel.response-0
2026-03-16T09:40:25.948+01:00  INFO 15456 --- [ntainer#0-0-C-1] o.a.k.c.c.internals.ConsumerCoordinator  : [Consumer clientId=consumer-saga-orchestrator-2, groupId=saga-orchestrator] Found no committed offset for partition saga.car.response-0
2026-03-16T09:40:25.951+01:00  INFO 15456 --- [ntainer#0-0-C-1] o.a.k.c.c.internals.ConsumerCoordinator  : [Consumer clientId=consumer-saga-orchestrator-2, groupId=saga-orchestrator] Found no committed offset for partition saga.car.response-0
2026-03-16T09:40:25.951+01:00  INFO 15456 --- [ntainer#2-0-C-1] o.a.k.c.c.internals.ConsumerCoordinator  : [Consumer clientId=consumer-saga-orchestrator-1, groupId=saga-orchestrator] Found no committed offset for partition saga.hotel.response-0
2026-03-16T09:40:25.951+01:00  INFO 15456 --- [ntainer#1-0-C-1] o.a.k.c.c.internals.ConsumerCoordinator  : [Consumer clientId=consumer-saga-orchestrator-3, groupId=saga-orchestrator] Found no committed offset for partition saga.flight.response-0
2026-03-16T09:40:25.961+01:00  INFO 15456 --- [ntainer#0-0-C-1] o.a.k.c.c.internals.SubscriptionState    : [Consumer clientId=consumer-saga-orchestrator-2, groupId=saga-orchestrator] Resetting offset for partition saga.car.response-0 to position FetchPosition{offset=0, offsetEpoch=Optional.empty, currentLeader=LeaderAndEpoch{leader=Optional[localhost:58731 (id: 0 rack: null)], epoch=0}}.
2026-03-16T09:40:25.961+01:00  INFO 15456 --- [ntainer#1-0-C-1] o.a.k.c.c.internals.SubscriptionState    : [Consumer clientId=consumer-saga-orchestrator-3, groupId=saga-orchestrator] Resetting offset for partition saga.flight.response-0 to position FetchPosition{offset=0, offsetEpoch=Optional.empty, currentLeader=LeaderAndEpoch{leader=Optional[localhost:58731 (id: 0 rack: null)], epoch=0}}.
2026-03-16T09:40:25.961+01:00  INFO 15456 --- [ntainer#2-0-C-1] o.a.k.c.c.internals.SubscriptionState    : [Consumer clientId=consumer-saga-orchestrator-1, groupId=saga-orchestrator] Resetting offset for partition saga.hotel.response-0 to position FetchPosition{offset=0, offsetEpoch=Optional.empty, currentLeader=LeaderAndEpoch{leader=Optional[localhost:58731 (id: 0 rack: null)], epoch=0}}.
2026-03-16T09:40:25.977+01:00  INFO 15456 --- [ntainer#2-0-C-1] o.s.k.l.KafkaMessageListenerContainer    : saga-orchestrator: partitions assigned: [saga.hotel.response-0]
2026-03-16T09:40:25.977+01:00  INFO 15456 --- [ntainer#1-0-C-1] o.s.k.l.KafkaMessageListenerContainer    : saga-orchestrator: partitions assigned: [saga.flight.response-0]
2026-03-16T09:40:25.977+01:00  INFO 15456 --- [ntainer#0-0-C-1] o.s.k.l.KafkaMessageListenerContainer    : saga-orchestrator: partitions assigned: [saga.car.response-0]
2026-03-16T09:40:26.127+01:00  INFO 15456 --- [           main] i.o.e.t.delegate.BookFlightDelegate      : [SAGA] Sending flight booking command for Alice to Paris
2026-03-16T09:40:26.135+01:00  INFO 15456 --- [           main] o.a.k.clients.producer.ProducerConfig    : ProducerConfig values: 
	acks = -1
	auto.include.jmx.reporter = true
	batch.size = 16384
	bootstrap.servers = [127.0.0.1:58731]
	buffer.memory = 33554432
	client.dns.lookup = use_all_dns_ips
	client.id = producer-1
	compression.gzip.level = -1
	compression.lz4.level = 9
	compression.type = none
	compression.zstd.level = 3
	connections.max.idle.ms = 540000
	delivery.timeout.ms = 120000
	enable.idempotence = true
	enable.metrics.push = true
	interceptor.classes = []
	key.serializer = class org.apache.kafka.common.serialization.StringSerializer
	linger.ms = 0
	max.block.ms = 60000
	max.in.flight.requests.per.connection = 5
	max.request.size = 1048576
	metadata.max.age.ms = 300000
	metadata.max.idle.ms = 300000
	metadata.recovery.strategy = none
	metric.reporters = []
	metrics.num.samples = 2
	metrics.recording.level = INFO
	metrics.sample.window.ms = 30000
	partitioner.adaptive.partitioning.enable = true
	partitioner.availability.timeout.ms = 0
	partitioner.class = null
	partitioner.ignore.keys = false
	receive.buffer.bytes = 32768
	reconnect.backoff.max.ms = 1000
	reconnect.backoff.ms = 50
	request.timeout.ms = 30000
	retries = 2147483647
	retry.backoff.max.ms = 1000
	retry.backoff.ms = 100
	sasl.client.callback.handler.class = null
	sasl.jaas.config = null
	sasl.kerberos.kinit.cmd = /usr/bin/kinit
	sasl.kerberos.min.time.before.relogin = 60000
	sasl.kerberos.service.name = null
	sasl.kerberos.ticket.renew.jitter = 0.05
	sasl.kerberos.ticket.renew.window.factor = 0.8
	sasl.login.callback.handler.class = null
	sasl.login.class = null
	sasl.login.connect.timeout.ms = null
	sasl.login.read.timeout.ms = null
	sasl.login.refresh.buffer.seconds = 300
	sasl.login.refresh.min.period.seconds = 60
	sasl.login.refresh.window.factor = 0.8
	sasl.login.refresh.window.jitter = 0.05
	sasl.login.retry.backoff.max.ms = 10000
	sasl.login.retry.backoff.ms = 100
	sasl.mechanism = GSSAPI
	sasl.oauthbearer.clock.skew.seconds = 30
	sasl.oauthbearer.expected.audience = null
	sasl.oauthbearer.expected.issuer = null
	sasl.oauthbearer.header.urlencode = false
	sasl.oauthbearer.jwks.endpoint.refresh.ms = 3600000
	sasl.oauthbearer.jwks.endpoint.retry.backoff.max.ms = 10000
	sasl.oauthbearer.jwks.endpoint.retry.backoff.ms = 100
	sasl.oauthbearer.jwks.endpoint.url = null
	sasl.oauthbearer.scope.claim.name = scope
	sasl.oauthbearer.sub.claim.name = sub
	sasl.oauthbearer.token.endpoint.url = null
	security.protocol = PLAINTEXT
	security.providers = null
	send.buffer.bytes = 131072
	socket.connection.setup.timeout.max.ms = 30000
	socket.connection.setup.timeout.ms = 10000
	ssl.cipher.suites = null
	ssl.enabled.protocols = [TLSv1.2, TLSv1.3]
	ssl.endpoint.identification.algorithm = https
	ssl.engine.factory.class = null
	ssl.key.password = null
	ssl.keymanager.algorithm = SunX509
	ssl.keystore.certificate.chain = null
	ssl.keystore.key = null
	ssl.keystore.location = null
	ssl.keystore.password = null
	ssl.keystore.type = JKS
	ssl.protocol = TLSv1.3
	ssl.provider = null
	ssl.secure.random.implementation = null
	ssl.trustmanager.algorithm = PKIX
	ssl.truststore.certificates = null
	ssl.truststore.location = null
	ssl.truststore.password = null
	ssl.truststore.type = JKS
	transaction.timeout.ms = 60000
	transactional.id = null
	value.serializer = class org.springframework.kafka.support.serializer.JsonSerializer

2026-03-16T09:40:26.136+01:00  INFO 15456 --- [           main] o.a.k.c.t.i.KafkaMetricsCollector        : initializing Kafka metrics collector
2026-03-16T09:40:26.142+01:00  INFO 15456 --- [           main] o.a.k.clients.producer.KafkaProducer     : [Producer clientId=producer-1] Instantiated an idempotent producer.
2026-03-16T09:40:26.153+01:00  INFO 15456 --- [           main] o.a.kafka.common.utils.AppInfoParser     : Kafka version: 3.9.1
2026-03-16T09:40:26.153+01:00  INFO 15456 --- [           main] o.a.kafka.common.utils.AppInfoParser     : Kafka commitId: f745dfdcee2b9851
2026-03-16T09:40:26.153+01:00  INFO 15456 --- [           main] o.a.kafka.common.utils.AppInfoParser     : Kafka startTimeMs: 1773650426153
2026-03-16T09:40:26.158+01:00  INFO 15456 --- [ad | producer-1] org.apache.kafka.clients.Metadata        : [Producer clientId=producer-1] Cluster ID: LfolhWTXRDCDfjULAPaxxw
2026-03-16T09:40:26.168+01:00  INFO 15456 --- [er-event-thread] kafka.controller.KafkaController         : [Controller id=0] Acquired new producerId block ProducerIdsBlock(assignedBrokerId=0, firstProducerId=0, size=1000) by writing to Zk with path version 1
]]></system-out>
    <system-err><![CDATA[Mockito is currently self-attaching to enable the inline-mock-maker. This will no longer work in future releases of the JDK. Please add Mockito as an agent to your build as described in Mockito's documentation: https://javadoc.io/doc/org.mockito/mockito-core/latest/org.mockito/org/mockito/Mockito.html#0.3
WARNING: A Java agent has been loaded dynamically (C:\Users\shaym\.m2\repository\net\bytebuddy\byte-buddy-agent\1.17.8\byte-buddy-agent-1.17.8.jar)
WARNING: If a serviceability tool is in use, please run with -XX:+EnableDynamicAgentLoading to hide this warning
WARNING: If a serviceability tool is not in use, please run with -Djdk.instrument.traceUsage for more information
WARNING: Dynamic loading of agents will be disallowed by default in a future release
]]></system-err>
  </testcase>
  <testcase name="carFailure_hotelAndFlightCompensated" classname="io.orqueio.example.travel.TravelSagaProcessTest" time="0.168">
    <system-out><![CDATA[2026-03-16T09:40:26.198+01:00  INFO 15456 --- [           main] i.o.e.t.delegate.BookFlightDelegate      : [SAGA] Sending flight booking command for Eve to Paris
2026-03-16T09:40:26.228+01:00  INFO 15456 --- [           main] i.o.e.travel.delegate.BookHotelDelegate  : [SAGA] Sending hotel booking command for Eve in Paris
2026-03-16T09:40:26.264+01:00  INFO 15456 --- [ad | producer-1] o.a.k.c.p.internals.TransactionManager   : [Producer clientId=producer-1] ProducerId set to 0 with epoch 0
2026-03-16T09:40:26.309+01:00  INFO 15456 --- [           main] i.o.e.travel.delegate.RentCarDelegate    : [SAGA] Sending car rental command for Eve in Paris
2026-03-16T09:40:26.331+01:00  INFO 15456 --- [           main] i.o.e.t.delegate.CancelHotelDelegate     : [SAGA-COMPENSATE] Sending hotel cancellation for booking TEST-CAR-FAIL
2026-03-16T09:40:26.332+01:00  INFO 15456 --- [           main] i.o.e.t.delegate.CancelFlightDelegate    : [SAGA-COMPENSATE] Sending flight cancellation for booking TEST-CAR-FAIL
]]></system-out>
  </testcase>
  <testcase name="happyPath_allServicesSucceed" classname="io.orqueio.example.travel.TravelSagaProcessTest" time="0.075">
    <system-out><![CDATA[2026-03-16T09:40:26.371+01:00  INFO 15456 --- [           main] i.o.e.t.delegate.BookFlightDelegate      : [SAGA] Sending flight booking command for Bob to Tokyo
2026-03-16T09:40:26.387+01:00  INFO 15456 --- [           main] i.o.e.travel.delegate.BookHotelDelegate  : [SAGA] Sending hotel booking command for Bob in Tokyo
2026-03-16T09:40:26.404+01:00  INFO 15456 --- [           main] i.o.e.travel.delegate.RentCarDelegate    : [SAGA] Sending car rental command for Bob in Tokyo
]]></system-out>
  </testcase>
  <testcase name="flightFailure_noCompensation" classname="io.orqueio.example.travel.TravelSagaProcessTest" time="0.038">
    <system-out><![CDATA[2026-03-16T09:40:26.443+01:00  INFO 15456 --- [           main] i.o.e.t.delegate.BookFlightDelegate      : [SAGA] Sending flight booking command for Diana to Mars
]]></system-out>
  </testcase>
  <testcase name="hotelFailure_flightCompensated" classname="io.orqueio.example.travel.TravelSagaProcessTest" time="0.044">
    <system-out><![CDATA[2026-03-16T09:40:26.482+01:00  INFO 15456 --- [           main] i.o.e.t.delegate.BookFlightDelegate      : [SAGA] Sending flight booking command for Charlie to Dubai
2026-03-16T09:40:26.494+01:00  INFO 15456 --- [           main] i.o.e.travel.delegate.BookHotelDelegate  : [SAGA] Sending hotel booking command for Charlie in Dubai
2026-03-16T09:40:26.507+01:00  INFO 15456 --- [           main] i.o.e.t.delegate.CancelFlightDelegate    : [SAGA-COMPENSATE] Sending flight cancellation for booking TEST-HOTEL-FAIL
]]></system-out>
  </testcase>
</testsuite>